This is XeTeX, Version 3.14159265-2.6-0.99996 (TeX Live 2016) (preloaded format=xelatex 2016.5.22)  7 JUN 2016 14:22
entering extended mode
 restricted \write18 enabled.
 file:line:error style messages enabled.
 %&-line parsing enabled.
**main.tex
(./main.tex
LaTeX2e <2016/03/31>
Babel <3.9r> and hyphenation patterns for 83 language(s) loaded.
(./uwthesis.cls
Document Class: uwthesis 2012/06/19
\tf@not=\write3
(/usr/local/texlive/2016/texmf-dist/tex/latex/base/book.cls
Document Class: book 2014/09/29 v1.4h Standard LaTeX document class
(/usr/local/texlive/2016/texmf-dist/tex/latex/base/bk12.clo
File: bk12.clo 2014/09/29 v1.4h Standard LaTeX file (size option)
)
\c@part=\count79
\c@chapter=\count80
\c@section=\count81
\c@subsection=\count82
\c@subsubsection=\count83
\c@paragraph=\count84
\c@subparagraph=\count85
\c@figure=\count86
\c@table=\count87
\abovecaptionskip=\skip41
\belowcaptionskip=\skip42
\bibindent=\dimen102
)
\botmargin=\dimen103
\@@wholepage=\box26

Formatting for twoside printing.
\@Chair=\count88
\@Sign=\count89
\abs@savebox=\box27
) (/usr/local/texlive/2016/texmf-dist/tex/latex/fontspec/fontspec.sty
(/usr/local/texlive/2016/texmf-dist/tex/latex/l3kernel/expl3.sty
Package: expl3 2016/05/18 v6512 L3 programming layer (loader) 

(/usr/local/texlive/2016/texmf-dist/tex/latex/l3kernel/expl3-code.tex
Package: expl3 2016/05/18 v6512 L3 programming layer (code)
L3 Module: l3bootstrap 2016/02/12 v6412 L3 Bootstrap code
L3 Module: l3names 2016/03/11 v6433 L3 Namespace for primitives
L3 Module: l3basics 2015/11/22 v6315 L3 Basic definitions
L3 Module: l3expan 2015/09/10 v5983 L3 Argument expansion
L3 Module: l3tl 2016/03/26 v6465 L3 Token lists
L3 Module: l3str 2016/03/24 v6441 L3 Strings
L3 Module: l3seq 2015/08/05 v5777 L3 Sequences and stacks
L3 Module: l3int 2016/03/24 v6441 L3 Integers
\c_max_int=\count90
\l_tmpa_int=\count91
\l_tmpb_int=\count92
\g_tmpa_int=\count93
\g_tmpb_int=\count94
L3 Module: l3quark 2015/08/17 v5855 L3 Quarks
L3 Module: l3prg 2015/11/01 v6216 L3 Control structures
\g__prg_map_int=\count95
L3 Module: l3clist 2015/09/02 v5901 L3 Comma separated lists
L3 Module: l3token 2016/04/03 v6470 L3 Experimental token manipulation
L3 Module: l3prop 2016/01/05 v6366 L3 Property lists
L3 Module: l3msg 2016/03/26 v6464 L3 Messages
L3 Module: l3file 2016/03/25 v6458 L3 File and I/O operations
\l_iow_line_count_int=\count96
\l__iow_target_count_int=\count97
\l__iow_current_line_int=\count98
\l__iow_current_word_int=\count99
\l__iow_current_indentation_int=\count100
L3 Module: l3skip 2016/01/05 v6366 L3 Dimensions and skips
\c_zero_dim=\dimen104
\c_max_dim=\dimen105
\l_tmpa_dim=\dimen106
\l_tmpb_dim=\dimen107
\g_tmpa_dim=\dimen108
\g_tmpb_dim=\dimen109
\c_zero_skip=\skip43
\c_max_skip=\skip44
\l_tmpa_skip=\skip45
\l_tmpb_skip=\skip46
\g_tmpa_skip=\skip47
\g_tmpb_skip=\skip48
\c_zero_muskip=\muskip10
\c_max_muskip=\muskip11
\l_tmpa_muskip=\muskip12
\l_tmpb_muskip=\muskip13
\g_tmpa_muskip=\muskip14
\g_tmpb_muskip=\muskip15
L3 Module: l3keys 2015/11/17 v6284 L3 Key-value interfaces
\g__keyval_level_int=\count101
\l_keys_choice_int=\count102
L3 Module: l3fp 2016/03/26 v6465 L3 Floating points
\c__fp_leading_shift_int=\count103
\c__fp_middle_shift_int=\count104
\c__fp_trailing_shift_int=\count105
\c__fp_big_leading_shift_int=\count106
\c__fp_big_middle_shift_int=\count107
\c__fp_big_trailing_shift_int=\count108
\c__fp_Bigg_leading_shift_int=\count109
\c__fp_Bigg_middle_shift_int=\count110
\c__fp_Bigg_trailing_shift_int=\count111
L3 Module: l3box 2015/08/09 v5822 L3 Experimental boxes
\c_empty_box=\box28
\l_tmpa_box=\box29
\l_tmpb_box=\box30
\g_tmpa_box=\box31
\g_tmpb_box=\box32
L3 Module: l3coffins 2016/05/17 v6508 L3 Coffin code layer
\l__coffin_internal_box=\box33
\l__coffin_internal_dim=\dimen110
\l__coffin_offset_x_dim=\dimen111
\l__coffin_offset_y_dim=\dimen112
\l__coffin_x_dim=\dimen113
\l__coffin_y_dim=\dimen114
\l__coffin_x_prime_dim=\dimen115
\l__coffin_y_prime_dim=\dimen116
\c_empty_coffin=\box34
\l__coffin_aligned_coffin=\box35
\l__coffin_aligned_internal_coffin=\box36
\l_tmpa_coffin=\box37
\l_tmpb_coffin=\box38
\l__coffin_display_coffin=\box39
\l__coffin_display_coord_coffin=\box40
\l__coffin_display_pole_coffin=\box41
\l__coffin_display_offset_dim=\dimen117
\l__coffin_display_x_dim=\dimen118
\l__coffin_display_y_dim=\dimen119
L3 Module: l3color 2014/08/23 v5354 L3 Experimental color support
L3 Module: l3sys 2015/09/25 v6087 L3 Experimental system/runtime functions
L3 Module: l3candidates 2016/05/13 v6484 L3 Experimental additions to l3kernel
\l__box_top_dim=\dimen120
\l__box_bottom_dim=\dimen121
\l__box_left_dim=\dimen122
\l__box_right_dim=\dimen123
\l__box_top_new_dim=\dimen124
\l__box_bottom_new_dim=\dimen125
\l__box_left_new_dim=\dimen126
\l__box_right_new_dim=\dimen127
\l__box_internal_box=\box42
\l__coffin_bounding_shift_dim=\dimen128
\l__coffin_left_corner_dim=\dimen129
\l__coffin_right_corner_dim=\dimen130
\l__coffin_bottom_corner_dim=\dimen131
\l__coffin_top_corner_dim=\dimen132
\l__coffin_scaled_total_height_dim=\dimen133
\l__coffin_scaled_width_dim=\dimen134
L3 Module: l3luatex 2016/03/26 v6465 L3 Experimental LuaTeX-specific functions
)
(/usr/local/texlive/2016/texmf-dist/tex/latex/l3kernel/l3xdvipdfmx.def
File: l3xdvidpfmx.def 2016/03/26 v6465 L3 Experimental driver: xdvipdfmx
\l__driver_tmp_box=\box43
))
(/usr/local/texlive/2016/texmf-dist/tex/latex/l3packages/xparse/xparse.sty
Package: xparse 2016/05/18 v6512 L3 Experimental document command parser
\l__xparse_current_arg_int=\count112
\l__xparse_m_args_int=\count113
\l__xparse_mandatory_args_int=\count114
\l__xparse_processor_int=\count115
\l__xparse_v_nesting_int=\count116
)
Package: fontspec 2016/02/01 v2.5a Font selection for XeLaTeX and LuaLaTeX

(/usr/local/texlive/2016/texmf-dist/tex/latex/fontspec/fontspec-xetex.sty
Package: fontspec-xetex 2016/02/01 v2.5a Font selection for XeLaTeX and LuaLaTe
X
\l_fontspec_script_int=\count117
\l_fontspec_language_int=\count118
\l_fontspec_strnum_int=\count119
\l__fontspec_tmpa_dim=\dimen135
\l__fontspec_tmpb_dim=\dimen136
\l__fontspec_tmpc_dim=\dimen137
\g__file_internal_ior=\read1

(/usr/local/texlive/2016/texmf-dist/tex/latex/base/fontenc.sty
Package: fontenc 2005/09/27 v1.99g Standard LaTeX package

(/usr/local/texlive/2016/texmf-dist/tex/latex/euenc/eu1enc.def
File: eu1enc.def 2010/05/27 v0.1h Experimental Unicode font encodings
)
LaTeX Font Info:    Try loading font information for EU1+lmr on input line 105.


(/usr/local/texlive/2016/texmf-dist/tex/latex/euenc/eu1lmr.fd
File: eu1lmr.fd 2009/10/30 v1.6 Font defs for Latin Modern
))
(/usr/local/texlive/2016/texmf-dist/tex/xelatex/xunicode/xunicode.sty
File: xunicode.sty 2011/09/09 v0.981 provides access to latin accents and many 
other characters in Unicode lower plane

(/usr/local/texlive/2016/texmf-dist/tex/latex/tipa/t3enc.def
File: t3enc.def 2001/12/31 T3 encoding
LaTeX Font Info:    Try loading font information for EU1+lmss on input line 357
.

(/usr/local/texlive/2016/texmf-dist/tex/latex/euenc/eu1lmss.fd
File: eu1lmss.fd 2009/10/30 v1.6 Font defs for Latin Modern
))
\tipaTiiicode=\count120
\tipasavetokens=\toks14
\tipachecktokens=\toks15

(/usr/local/texlive/2016/texmf-dist/tex/latex/graphics/graphicx.sty
Package: graphicx 2014/10/28 v1.0g Enhanced LaTeX Graphics (DPC,SPQR)

(/usr/local/texlive/2016/texmf-dist/tex/latex/graphics/keyval.sty
Package: keyval 2014/10/28 v1.15 key=value parser (DPC)
\KV@toks@=\toks16
)
(/usr/local/texlive/2016/texmf-dist/tex/latex/graphics/graphics.sty
Package: graphics 2016/05/09 v1.0r Standard LaTeX Graphics (DPC,SPQR)

(/usr/local/texlive/2016/texmf-dist/tex/latex/graphics/trig.sty
Package: trig 2016/01/03 v1.10 sin cos tan (DPC)
)
(/usr/local/texlive/2016/texmf-dist/tex/latex/graphics-cfg/graphics.cfg
File: graphics.cfg 2016/01/02 v1.10 sample graphics configuration
)
Package graphics Info: Driver file: xetex.def on input line 96.

(/usr/local/texlive/2016/texmf-dist/tex/xelatex/xetex-def/xetex.def
File: xetex.def 2016/04/06 v4.08 LaTeX color/graphics driver for XeTeX (TeX Liv
e/RRM/JK)

(/usr/local/texlive/2016/texmf-dist/tex/generic/oberdiek/infwarerr.sty
Package: infwarerr 2016/05/16 v1.4 Providing info/warning/error messages (HO)
)
(/usr/local/texlive/2016/texmf-dist/tex/generic/oberdiek/ltxcmds.sty
Package: ltxcmds 2016/05/16 v1.23 LaTeX kernel commands for general use (HO)
)))
\Gin@req@height=\dimen138
\Gin@req@width=\dimen139
))
.................................................
. LaTeX info: "xparse/define-command"
. 
. Defining command \__fontspec_post_arg:w with sig. 'mmO{}' on line 353.
.................................................
.................................................
. LaTeX info: "xparse/define-command"
. 
. Defining command \fontspec with sig. 'om' on line 355.
.................................................
.................................................
. LaTeX info: "xparse/define-command"
. 
. Defining command \setmainfont with sig. 'om' on line 365.
.................................................
.................................................
. LaTeX info: "xparse/define-command"
. 
. Defining command \setsansfont with sig. 'om' on line 375.
.................................................
.................................................
. LaTeX info: "xparse/define-command"
. 
. Defining command \setmonofont with sig. 'om' on line 385.
.................................................
.................................................
. LaTeX info: "xparse/define-command"
. 
. Defining command \setmathrm with sig. 'om' on line 399.
.................................................
.................................................
. LaTeX info: "xparse/define-command"
. 
. Defining command \setboldmathrm with sig. 'om' on line 407.
.................................................
.................................................
. LaTeX info: "xparse/define-command"
. 
. Defining command \setmathsf with sig. 'om' on line 415.
.................................................
.................................................
. LaTeX info: "xparse/define-command"
. 
. Defining command \setmathtt with sig. 'om' on line 423.
.................................................
.................................................
. LaTeX info: "xparse/define-command"
. 
. Defining command \newfontfamily with sig. 'mom' on line 437.
.................................................
.................................................
. LaTeX info: "xparse/define-command"
. 
. Defining command \newfontface with sig. 'mom' on line 453.
.................................................
.................................................
. LaTeX info: "xparse/define-command"
. 
. Defining command \defaultfontfeatures with sig. 't+om' on line 467.
.................................................
.................................................
. LaTeX info: "xparse/define-command"
. 
. Defining command \addfontfeatures with sig. 'm' on line 529.
.................................................
.................................................
. LaTeX info: "xparse/define-command"
. 
. Defining command \newfontfeature with sig. 'mm' on line 540.
.................................................
.................................................
. LaTeX info: "xparse/define-command"
. 
. Defining command \newAATfeature with sig. 'mmmm' on line 548.
.................................................
.................................................
. LaTeX info: "xparse/define-command"
. 
. Defining command \newopentypefeature with sig. 'mmm' on line 556.
.................................................
.................................................
. LaTeX info: "xparse/define-command"
. 
. Defining command \aliasfontfeature with sig. 'mm' on line 577.
.................................................
.................................................
. LaTeX info: "xparse/define-command"
. 
. Defining command \aliasfontfeatureoption with sig. 'mmm' on line 586.
.................................................
.................................................
. LaTeX info: "xparse/define-command"
. 
. Defining command \newfontscript with sig. 'mm' on line 590.
.................................................
.................................................
. LaTeX info: "xparse/define-command"
. 
. Defining command \newfontlanguage with sig. 'mm' on line 594.
.................................................
.................................................
. LaTeX info: "xparse/define-command"
. 
. Defining command \DeclareFontsExtensions with sig. 'm' on line 599.
.................................................
\l__fontspec_tmp_int=\count121

(/usr/local/texlive/2016/texmf-dist/tex/latex/fontspec/fontspec.cfg)
LaTeX Info: Redefining \itshape on input line 2705.
LaTeX Info: Redefining \slshape on input line 2710.
LaTeX Info: Redefining \scshape on input line 2715.
LaTeX Info: Redefining \upshape on input line 2720.
\l__fontspec_em_int=\count122
\l__fontspec_emdef_int=\count123
LaTeX Info: Redefining \em on input line 2736.
LaTeX Info: Redefining \emph on input line 2742.
LaTeX Info: Redefining \- on input line 2746.
.................................................
. LaTeX info: "xparse/redefine-command"
. 
. Redefining command \oldstylenums with sig. 'm' on line 2841.
.................................................
.................................................
. LaTeX info: "xparse/define-command"
. 
. Defining command \liningnums with sig. 'm' on line 2845.
.................................................
))
(/usr/local/texlive/2016/texmf-dist/tex/latex/xltxtra/xltxtra.sty
Package: xltxtra 2016/01/21 v0.6 Improvements for the "XeLaTeX" format

(/usr/local/texlive/2016/texmf-dist/tex/generic/oberdiek/ifluatex.sty
Package: ifluatex 2016/05/16 v1.4 Provides the ifluatex switch (HO)
Package ifluatex Info: LuaTeX not detected.
)
(/usr/local/texlive/2016/texmf-dist/tex/generic/ifxetex/ifxetex.sty
Package: ifxetex 2010/09/12 v0.6 Provides ifxetex conditional
)
(/usr/local/texlive/2016/texmf-dist/tex/latex/realscripts/realscripts.sty
Package: realscripts 2016/02/13 v0.3d Access OpenType subscripts and superscrip
ts
.................................................
. LaTeX info: "xparse/define-command"
. 
. Defining command \fakesubscript with sig. 'm' on line 19.
.................................................
.................................................
. LaTeX info: "xparse/define-command"
. 
. Defining command \fakesuperscript with sig. 'm' on line 22.
.................................................
.................................................
. LaTeX info: "xparse/redefine-command"
. 
. Redefining command \textsubscript with sig. 's' on line 25.
.................................................
.................................................
. LaTeX info: "xparse/redefine-command"
. 
. Redefining command \textsuperscript with sig. 's' on line 28.
.................................................
.................................................
. LaTeX info: "xparse/define-command"
. 
. Defining command \realsubscript with sig. 'm' on line 45.
.................................................
.................................................
. LaTeX info: "xparse/define-command"
. 
. Defining command \realsuperscript with sig. 'm' on line 60.
.................................................
.................................................
. LaTeX info: "xparse/define-command"
. 
. Defining command \textsubsuperscript with sig. 'sO{l}mm' on line 138.
.................................................
.................................................
. LaTeX info: "xparse/define-command"
. 
. Defining command \textsupersubscript with sig. 'sO{l}mm' on line 143.
.................................................
\subsupersep=\dimen140
)
(/usr/local/texlive/2016/texmf-dist/tex/latex/metalogo/metalogo.sty
Package: metalogo 2010/05/29 v0.12 Extended TeX logo macros
\xl@everylogo=\toks17
\xl@@everylogo=\toks18
LaTeX Info: Redefining \TeX on input line 193.
LaTeX Info: Redefining \LaTeX on input line 202.
LaTeX Info: Redefining \LaTeXe on input line 219.
)
\l__xetex_show_hyphens_wrapping_box=\box44
\l__xetex_show_hyphens_temp_box=\box45
\l__xetex_show_hyphens_final_box=\box46
\g__xetex_show_hyphens_word_box=\box47
)
.................................................
. fontspec info: "no-scripts"
. 
. Font Hoefler Text does not contain any OpenType `Script' information.
.................................................
\g__fontspec_family_HoeflerText_int=\count124
.................................................
. fontspec info: "defining-font"
. 
. Font family 'HoeflerText(0)' created for font 'Hoefler Text' with options
. [Mapping=tex-text,Ligatures=TeX,Mapping=tex-text].
. 
. This font family consists of the following NFSS series/shapes:
. - 'normal' (m/n) with NFSS spec.: <->"Hoefler
. Text/AAT:mapping=tex-text;mapping=tex-text;mapping=tex-text;"
. - 'small caps'  (m/sc) with NFSS spec.: <->"Hoefler
. Text/AAT:mapping=tex-text;mapping=tex-text;mapping=tex-text;Letter
. Case=Small Caps;"- 'bold' (bx/n) with NFSS spec.: <->"Hoefler
. Text/B/AAT:mapping=tex-text;mapping=tex-text;mapping=tex-text;"
. - 'bold small caps'  (bx/sc) with NFSS spec.: <->"Hoefler
. Text/B/AAT:mapping=tex-text;mapping=tex-text;mapping=tex-text;Letter
. Case=Small Caps;"- 'italic' (m/it) with NFSS spec.: <->"Hoefler
. Text/I/AAT:mapping=tex-text;mapping=tex-text;mapping=tex-text;"
. - 'italic small caps'  (m/itsc) with NFSS spec.: <->"Hoefler
. Text/I/AAT:mapping=tex-text;mapping=tex-text;mapping=tex-text;Letter
. Case=Small Caps;"- 'bold italic' (bx/it) with NFSS spec.: <->"Hoefler
. Text/BI/AAT:mapping=tex-text;mapping=tex-text;mapping=tex-text;"
. - 'bold italic small caps'  (bx/itsc) with NFSS spec.: <->"Hoefler
. Text/BI/AAT:mapping=tex-text;mapping=tex-text;mapping=tex-text;Letter
. Case=Small Caps;"
.................................................
.................................................
. fontspec info: "no-scripts"
. 
. Font Gill Sans does not contain any OpenType `Script' information.
.................................................
.................................................
. fontspec info: "set-scale"
. 
. Gill Sans scale = 0.9415292480998913.
.................................................
\g__fontspec_family_GillSans_int=\count125
.................................................
. fontspec info: "set-scale"
. 
. Gill Sans scale = 0.9415292480998913.
.................................................
.................................................
. fontspec info: "set-scale"
. 
. Gill Sans/B scale = 0.8443509615384615.
.................................................
.................................................
. fontspec info: "set-scale"
. 
. Gill Sans/I scale = 0.9284244512847965.
.................................................
.................................................
. fontspec info: "set-scale"
. 
. Gill Sans/BI scale = 0.8443509615384615.
.................................................
.................................................
. fontspec info: "defining-font"
. 
. Font family 'GillSans(0)' created for font 'Gill Sans' with options
. [Mapping=tex-text,Ligatures=TeX,Scale=MatchLowercase,Mapping=tex-text].
. 
. This font family consists of the following NFSS series/shapes:
. - 'normal' (m/n) with NFSS spec.: <->s*[0.9415292480998913]"Gill
. Sans/OT:mapping=tex-text;mapping=tex-text;mapping=tex-text;"
. - 'small caps'  (m/sc) with NFSS spec.: - 'bold' (bx/n) with NFSS spec.:
. <->s*[0.8443509615384615]"Gill
. Sans/B/OT:mapping=tex-text;mapping=tex-text;mapping=tex-text;"
. - 'bold small caps'  (bx/sc) with NFSS spec.: - 'italic' (m/it) with NFSS
. spec.: <->s*[0.9284244512847965]"Gill
. Sans/I/OT:mapping=tex-text;mapping=tex-text;mapping=tex-text;"
. - 'italic small caps'  (m/itsc) with NFSS spec.: - 'bold italic' (bx/it)
. with NFSS spec.: <->s*[0.8443509615384615]"Gill
. Sans/BI/OT:mapping=tex-text;mapping=tex-text;mapping=tex-text;"
. - 'bold italic small caps'  (bx/itsc) with NFSS spec.: 
.................................................
.................................................
. fontspec info: "no-scripts"
. 
. Font Andale Mono does not contain any OpenType `Script' information.
.................................................
.................................................
. fontspec info: "set-scale"
. 
. Andale Mono scale = 0.8149811542415193.
.................................................
\g__fontspec_family_AndaleMono_int=\count126
.................................................
. fontspec info: "no-font-shape"
. 
. Could not resolve font Andale Mono/BI (it probably doesn't exist).
.................................................
.................................................
. fontspec info: "no-font-shape"
. 
. Could not resolve font Andale Mono/B (it probably doesn't exist).
.................................................
.................................................
. fontspec info: "no-font-shape"
. 
. Could not resolve font Andale Mono/I (it probably doesn't exist).
.................................................
.................................................
. fontspec info: "set-scale"
. 
. Andale Mono scale = 0.8149811542415193.
.................................................
.................................................
. fontspec info: "defining-font"
. 
. Font family 'AndaleMono(0)' created for font 'Andale Mono' with options
. [Mapping=tex-text,WordSpace={1,0,0},PunctuationSpace=WordSpace,Scale=MatchLow
ercase].
. 
. This font family consists of the following NFSS series/shapes:
. - 'normal' (m/n) with NFSS spec.: <->s*[0.8149811542415193]"Andale
. Mono/AAT:mapping=tex-text;"
. - 'small caps'  (m/sc) with NFSS spec.: 
. and font adjustment code:
. \fontdimen 2\font =1\fontdimen 2\font \fontdimen 3\font =0\fontdimen 3\font
. \fontdimen 4\font =0\fontdimen 4\font \fontdimen 7\font =0\fontdimen 2\font 
.................................................

(/usr/local/texlive/2016/texmf-dist/tex/latex/was/gensymb.sty
Package: gensymb 2003/07/02 v1.0 (WaS)
)
(/usr/local/texlive/2016/texmf-dist/tex/latex/hyperref/hyperref.sty
Package: hyperref 2016/05/05 v6.83n Hypertext links for LaTeX

(/usr/local/texlive/2016/texmf-dist/tex/generic/oberdiek/hobsub-hyperref.sty
Package: hobsub-hyperref 2016/05/16 v1.14 Bundle oberdiek, subset hyperref (HO)


(/usr/local/texlive/2016/texmf-dist/tex/generic/oberdiek/hobsub-generic.sty
Package: hobsub-generic 2016/05/16 v1.14 Bundle oberdiek, subset generic (HO)
Package: hobsub 2016/05/16 v1.14 Construct package bundles (HO)
Package hobsub Info: Skipping package `infwarerr' (already loaded).
Package hobsub Info: Skipping package `ltxcmds' (already loaded).
Package hobsub Info: Skipping package `ifluatex' (already loaded).
Package: ifvtex 2016/05/16 v1.6 Detect VTeX and its facilities (HO)
Package ifvtex Info: VTeX not detected.
Package: intcalc 2016/05/16 v1.2 Expandable calculations with integers (HO)
Package: ifpdf 2016/05/14 v3.1 Provides the ifpdf switch
Package: etexcmds 2016/05/16 v1.6 Avoid name clashes with e-TeX commands (HO)
Package etexcmds Info: Could not find \expanded.
(etexcmds)             That can mean that you are not using pdfTeX 1.50 or
(etexcmds)             that some package has redefined \expanded.
(etexcmds)             In the latter case, load this package earlier.
Package: kvsetkeys 2016/05/16 v1.17 Key value parser (HO)
Package: kvdefinekeys 2016/05/16 v1.4 Define keys (HO)
Package: pdftexcmds 2016/05/10 v0.21 Utility functions of pdfTeX for LuaTeX (HO
)
Package pdftexcmds Info: LuaTeX not detected.
Package pdftexcmds Info: pdfTeX >= 1.30 not detected.
Package pdftexcmds Info: \pdf@primitive is available.
Package pdftexcmds Info: \pdf@ifprimitive is available.
Package pdftexcmds Info: \pdfdraftmode not found.
Package: pdfescape 2016/05/16 v1.14 Implements pdfTeX's escape features (HO)
Package: bigintcalc 2016/05/16 v1.4 Expandable calculations on big integers (HO
)
Package: bitset 2016/05/16 v1.2 Handle bit-vector datatype (HO)
Package: uniquecounter 2016/05/16 v1.3 Provide unlimited unique counter (HO)
)
Package hobsub Info: Skipping package `hobsub' (already loaded).
Package: letltxmacro 2016/05/16 v1.5 Let assignment for LaTeX macros (HO)
Package: hopatch 2016/05/16 v1.3 Wrapper for package hooks (HO)
Package: xcolor-patch 2016/05/16 xcolor patch
Package: atveryend 2016/05/16 v1.9 Hooks at the very end of document (HO)
Package atveryend Info: \enddocument detected (standard20110627).
Package: atbegshi 2016/05/16 v1.17 At begin shipout hook (HO)
Package: refcount 2016/05/16 v3.5 Data extraction from label references (HO)
Package: hycolor 2016/05/16 v1.8 Color options for hyperref/bookmark (HO)
)
(/usr/local/texlive/2016/texmf-dist/tex/latex/oberdiek/auxhook.sty
Package: auxhook 2016/05/16 v1.4 Hooks for auxiliary files (HO)
)
(/usr/local/texlive/2016/texmf-dist/tex/latex/oberdiek/kvoptions.sty
Package: kvoptions 2016/05/16 v3.12 Key value format for package options (HO)
)
\@linkdim=\dimen141
\Hy@linkcounter=\count127
\Hy@pagecounter=\count128

(/usr/local/texlive/2016/texmf-dist/tex/latex/hyperref/pd1enc.def
File: pd1enc.def 2016/05/05 v6.83n Hyperref: PDFDocEncoding definition (HO)
)
\Hy@SavedSpaceFactor=\count129

(/usr/local/texlive/2016/texmf-dist/tex/latex/latexconfig/hyperref.cfg
File: hyperref.cfg 2002/06/06 v1.2 hyperref configuration of TeXLive
)
Package hyperref Info: Hyper figures OFF on input line 4446.
Package hyperref Info: Link nesting OFF on input line 4451.
Package hyperref Info: Hyper index ON on input line 4454.
Package hyperref Info: Plain pages OFF on input line 4461.
Package hyperref Info: Backreferencing OFF on input line 4466.
Package hyperref Info: Implicit mode ON; LaTeX internals redefined.
Package hyperref Info: Bookmarks ON on input line 4691.
\c@Hy@tempcnt=\count130

(/usr/local/texlive/2016/texmf-dist/tex/latex/url/url.sty
\Urlmuskip=\muskip16
Package: url 2013/09/16  ver 3.4  Verb mode for urls, etc.
)
LaTeX Info: Redefining \url on input line 5044.
\XeTeXLinkMargin=\dimen142
\Fld@menulength=\count131
\Field@Width=\dimen143
\Fld@charsize=\dimen144
Package hyperref Info: Hyper figures OFF on input line 6298.
Package hyperref Info: Link nesting OFF on input line 6303.
Package hyperref Info: Hyper index ON on input line 6306.
Package hyperref Info: backreferencing OFF on input line 6313.
Package hyperref Info: Link coloring OFF on input line 6318.
Package hyperref Info: Link coloring with OCG OFF on input line 6323.
Package hyperref Info: PDF/A mode OFF on input line 6328.
LaTeX Info: Redefining \ref on input line 6368.
LaTeX Info: Redefining \pageref on input line 6372.
\Hy@abspage=\count132
\c@Item=\count133
\c@Hfootnote=\count134
)

Package hyperref Message: Driver (autodetected): hxetex.

(/usr/local/texlive/2016/texmf-dist/tex/latex/hyperref/hxetex.def
File: hxetex.def 2016/05/05 v6.83n Hyperref driver for XeTeX

(/usr/local/texlive/2016/texmf-dist/tex/latex/hyperref/puenc.def
File: puenc.def 2016/05/05 v6.83n Hyperref: PDF Unicode definition (HO)
)
(/usr/local/texlive/2016/texmf-dist/tex/generic/oberdiek/stringenc.sty
Package: stringenc 2016/05/16 v1.11 Convert strings between diff. encodings (HO
)
)
\pdfm@box=\box48
\c@Hy@AnnotLevel=\count135
\HyField@AnnotCount=\count136
\Fld@listcount=\count137
\c@bookmark@seq@number=\count138

(/usr/local/texlive/2016/texmf-dist/tex/latex/oberdiek/rerunfilecheck.sty
Package: rerunfilecheck 2016/05/16 v1.8 Rerun checks for auxiliary files (HO)
Package rerunfilecheck Info: Feature \pdfmdfivesum is not available
(rerunfilecheck)             (e.g. pdfTeX or LuaTeX with package `pdftexcmds').

(rerunfilecheck)             Therefore file contents cannot be checked efficien
tly
(rerunfilecheck)             and the loading of the package is aborted.
)
\Hy@SectionHShift=\skip49
)
(/usr/local/texlive/2016/texmf-dist/tex/latex/wrapfig/wrapfig.sty
\wrapoverhang=\dimen145
\WF@size=\dimen146
\c@WF@wrappedlines=\count139
\WF@box=\box49
\WF@everypar=\toks19
Package: wrapfig 2003/01/31  v 3.6
)
(/usr/local/texlive/2016/texmf-dist/tex/latex/chngcntr/chngcntr.sty
Package: chngcntr 2009/09/02 v1.0a change counter resetting
)
(/usr/local/texlive/2016/texmf-dist/tex/latex/tools/longtable.sty
Package: longtable 2014/10/28 v4.11 Multi-page Table package (DPC)
\LTleft=\skip50
\LTright=\skip51
\LTpre=\skip52
\LTpost=\skip53
\LTchunksize=\count140
\LTcapwidth=\dimen147
\LT@head=\box50
\LT@firsthead=\box51
\LT@foot=\box52
\LT@lastfoot=\box53
\LT@cols=\count141
\LT@rows=\count142
\c@LT@tables=\count143
\c@LT@chunks=\count144
\LT@p@ftn=\toks20
)
(/usr/local/texlive/2016/texmf-dist/tex/latex/amsmath/amsmath.sty
Package: amsmath 2016/03/10 v2.15b AMS math features
\@mathmargin=\skip54

For additional information on amsmath, use the `?' option.
(/usr/local/texlive/2016/texmf-dist/tex/latex/amsmath/amstext.sty
Package: amstext 2000/06/29 v2.01 AMS text

(/usr/local/texlive/2016/texmf-dist/tex/latex/amsmath/amsgen.sty
File: amsgen.sty 1999/11/30 v2.0 generic functions
\@emptytoks=\toks21
\ex@=\dimen148
))
(/usr/local/texlive/2016/texmf-dist/tex/latex/amsmath/amsbsy.sty
Package: amsbsy 1999/11/29 v1.2d Bold Symbols
\pmbraise@=\dimen149
)
(/usr/local/texlive/2016/texmf-dist/tex/latex/amsmath/amsopn.sty
Package: amsopn 2016/03/08 v2.02 operator names
)
\inf@bad=\count145
LaTeX Info: Redefining \frac on input line 199.
\uproot@=\count146
\leftroot@=\count147
LaTeX Info: Redefining \overline on input line 297.
\classnum@=\count148
\DOTSCASE@=\count149
LaTeX Info: Redefining \ldots on input line 394.
LaTeX Info: Redefining \dots on input line 397.
LaTeX Info: Redefining \cdots on input line 518.
\Mathstrutbox@=\box54
\strutbox@=\box55
\big@size=\dimen150
LaTeX Font Info:    Redeclaring font encoding OML on input line 634.
LaTeX Font Info:    Redeclaring font encoding OMS on input line 635.
\macc@depth=\count150
\c@MaxMatrixCols=\count151
\dotsspace@=\muskip17
\c@parentequation=\count152
\dspbrk@lvl=\count153
\tag@help=\toks22
\row@=\count154
\column@=\count155
\maxfields@=\count156
\andhelp@=\toks23
\eqnshift@=\dimen151
\alignsep@=\dimen152
\tagshift@=\dimen153
\tagwidth@=\dimen154
\totwidth@=\dimen155
\lineht@=\dimen156
\@envbody=\toks24
\multlinegap=\skip55
\multlinetaggap=\skip56
\mathdisplay@stack=\toks25
LaTeX Info: Redefining \[ on input line 2739.
LaTeX Info: Redefining \] on input line 2740.
)
(/usr/local/texlive/2016/texmf-dist/tex/latex/tools/multicol.sty
Package: multicol 2016/04/07 v1.8p multicolumn formatting (FMi)
\c@tracingmulticols=\count157
\mult@box=\box56
\multicol@leftmargin=\dimen157
\c@unbalance=\count158
\c@collectmore=\count159
\doublecol@number=\count160
\multicoltolerance=\count161
\multicolpretolerance=\count162
\full@width=\dimen158
\page@free=\dimen159
\premulticols=\dimen160
\postmulticols=\dimen161
\multicolsep=\skip57
\multicolbaselineskip=\skip58
\partial@page=\box57
\last@line=\box58
\maxbalancingoverflow=\dimen162
\mult@rightbox=\box59
\mult@grightbox=\box60
\mult@gfirstbox=\box61
\mult@firstbox=\box62
\@tempa=\box63
\@tempa=\box64
\@tempa=\box65
\@tempa=\box66
\@tempa=\box67
\@tempa=\box68
\@tempa=\box69
\@tempa=\box70
\@tempa=\box71
\@tempa=\box72
\@tempa=\box73
\@tempa=\box74
\@tempa=\box75
\@tempa=\box76
\@tempa=\box77
\@tempa=\box78
\@tempa=\box79
\c@columnbadness=\count163
\c@finalcolumnbadness=\count164
\last@try=\dimen163
\multicolovershoot=\dimen164
\multicolundershoot=\dimen165
\mult@nat@firstbox=\box80
\colbreak@box=\box81
\mc@col@check@num=\count165
)
(/usr/local/texlive/2016/texmf-dist/tex/latex/supertabular/supertabular.sty
Package: supertabular 2004/02/20 v4.1e the supertabular environment
\c@tracingst=\count166
\ST@wd=\dimen166
\ST@rightskip=\skip59
\ST@leftskip=\skip60
\ST@parfillskip=\skip61
\ST@pageleft=\dimen167
\ST@headht=\dimen168
\ST@tailht=\dimen169
\ST@pagesofar=\dimen170
\ST@pboxht=\dimen171
\ST@lineht=\dimen172
\ST@stretchht=\dimen173
\ST@prevht=\dimen174
\ST@toadd=\dimen175
\ST@dimen=\dimen176
\ST@pbox=\box82
)
(/usr/local/texlive/2016/texmf-dist/tex/latex/float/float.sty
Package: float 2001/11/08 v1.3d Float enhancements (AL)
\c@float@type=\count167
\float@exts=\toks26
\float@box=\box83
\@float@everytoks=\toks27
\@floatcapt=\box84
)
(/usr/local/texlive/2016/texmf-dist/tex/latex/caption/caption.sty
Package: caption 2016/02/21 v3.3-144 Customizing captions (AR)

(/usr/local/texlive/2016/texmf-dist/tex/latex/caption/caption3.sty
Package: caption3 2016/02/04 v1.7-139 caption3 kernel (AR)
Package caption3 Info: TeX engine: e-TeX on input line 67.
\captionmargin=\dimen177
\captionmargin@=\dimen178
\captionwidth=\dimen179
\caption@tempdima=\dimen180
\caption@indent=\dimen181
\caption@parindent=\dimen182
\caption@hangindent=\dimen183
)
\c@ContinuedFloat=\count168
Package caption Info: float package is loaded.
Package caption Info: hyperref package is loaded.
Package caption Info: longtable package is loaded.

(/usr/local/texlive/2016/texmf-dist/tex/latex/caption/ltcaption.sty
Package: ltcaption 2013/06/09 v1.4-94 longtable captions (AR)
)
Package caption Info: supertabular package is loaded.
Package caption Info: wrapfig package is loaded.
)
(/usr/local/texlive/2016/texmf-dist/tex/latex/base/alltt.sty
Package: alltt 1997/06/16 v2.0g defines alltt environment
) (./main.aux

LaTeX Warning: Label `default' multiply defined.


LaTeX Warning: Label `default' multiply defined.

)
\openout1 = `main.aux'.

LaTeX Font Info:    Checking defaults for OML/cmm/m/it on input line 78.
LaTeX Font Info:    ... okay on input line 78.
LaTeX Font Info:    Checking defaults for T1/cmr/m/n on input line 78.
LaTeX Font Info:    ... okay on input line 78.
LaTeX Font Info:    Checking defaults for OT1/cmr/m/n on input line 78.
LaTeX Font Info:    ... okay on input line 78.
LaTeX Font Info:    Checking defaults for OMS/cmsy/m/n on input line 78.
LaTeX Font Info:    ... okay on input line 78.
LaTeX Font Info:    Checking defaults for OMX/cmex/m/n on input line 78.
LaTeX Font Info:    ... okay on input line 78.
LaTeX Font Info:    Checking defaults for U/cmr/m/n on input line 78.
LaTeX Font Info:    ... okay on input line 78.
LaTeX Font Info:    Checking defaults for EU1/lmr/m/n on input line 78.
LaTeX Font Info:    ... okay on input line 78.
LaTeX Font Info:    Checking defaults for T3/cmr/m/n on input line 78.
LaTeX Font Info:    Try loading font information for T3+cmr on input line 78.
 (/usr/local/texlive/2016/texmf-dist/tex/latex/tipa/t3cmr.fd
File: t3cmr.fd 2001/12/31 TIPA font definitions
)
LaTeX Font Info:    ... okay on input line 78.
LaTeX Font Info:    Checking defaults for PD1/pdf/m/n on input line 78.
LaTeX Font Info:    ... okay on input line 78.
LaTeX Font Info:    Checking defaults for PU/pdf/m/n on input line 78.
LaTeX Font Info:    ... okay on input line 78.
.................................................
. fontspec info: "setup-math"
. 
. Adjusting the maths setup (use [no-math] to avoid this).
.................................................
\symlegacymaths=\mathgroup4
LaTeX Font Info:    Overwriting symbol font `legacymaths' in version `bold'
(Font)                  OT1/cmr/m/n --> OT1/cmr/bx/n on input line 78.
LaTeX Font Info:    Redeclaring math accent \acute on input line 78.
LaTeX Font Info:    Redeclaring math accent \grave on input line 78.
LaTeX Font Info:    Redeclaring math accent \ddot on input line 78.
LaTeX Font Info:    Redeclaring math accent \tilde on input line 78.
LaTeX Font Info:    Redeclaring math accent \bar on input line 78.
LaTeX Font Info:    Redeclaring math accent \breve on input line 78.
LaTeX Font Info:    Redeclaring math accent \check on input line 78.
LaTeX Font Info:    Redeclaring math accent \hat on input line 78.
LaTeX Font Info:    Redeclaring math accent \dot on input line 78.
LaTeX Font Info:    Redeclaring math accent \mathring on input line 78.
LaTeX Font Info:    Redeclaring math symbol \Gamma on input line 78.
LaTeX Font Info:    Redeclaring math symbol \Delta on input line 78.
LaTeX Font Info:    Redeclaring math symbol \Theta on input line 78.
LaTeX Font Info:    Redeclaring math symbol \Lambda on input line 78.
LaTeX Font Info:    Redeclaring math symbol \Xi on input line 78.
LaTeX Font Info:    Redeclaring math symbol \Pi on input line 78.
LaTeX Font Info:    Redeclaring math symbol \Sigma on input line 78.
LaTeX Font Info:    Redeclaring math symbol \Upsilon on input line 78.
LaTeX Font Info:    Redeclaring math symbol \Phi on input line 78.
LaTeX Font Info:    Redeclaring math symbol \Psi on input line 78.
LaTeX Font Info:    Redeclaring math symbol \Omega on input line 78.
LaTeX Font Info:    Redeclaring math symbol \mathdollar on input line 78.
LaTeX Font Info:    Redeclaring symbol font `operators' on input line 78.
LaTeX Font Info:    Encoding `OT1' has changed to `EU1' for symbol font
(Font)              `operators' in the math version `normal' on input line 78.
LaTeX Font Info:    Overwriting symbol font `operators' in version `normal'
(Font)                  OT1/cmr/m/n --> EU1/HoeflerText(0)/m/n on input line 78
.
LaTeX Font Info:    Encoding `OT1' has changed to `EU1' for symbol font
(Font)              `operators' in the math version `bold' on input line 78.
LaTeX Font Info:    Overwriting symbol font `operators' in version `bold'
(Font)                  OT1/cmr/bx/n --> EU1/HoeflerText(0)/m/n on input line 7
8.
LaTeX Font Info:    Overwriting symbol font `operators' in version `normal'
(Font)                  EU1/HoeflerText(0)/m/n --> EU1/HoeflerText(0)/m/n on in
put line 78.
LaTeX Font Info:    Overwriting math alphabet `\mathit' in version `normal'
(Font)                  OT1/cmr/m/it --> EU1/HoeflerText(0)/m/it on input line 
78.
LaTeX Font Info:    Overwriting math alphabet `\mathbf' in version `normal'
(Font)                  OT1/cmr/bx/n --> EU1/HoeflerText(0)/bx/n on input line 
78.
LaTeX Font Info:    Overwriting math alphabet `\mathsf' in version `normal'
(Font)                  OT1/cmss/m/n --> EU1/GillSans(0)/m/n on input line 78.
LaTeX Font Info:    Overwriting math alphabet `\mathtt' in version `normal'
(Font)                  OT1/cmtt/m/n --> EU1/AndaleMono(0)/m/n on input line 78
.
LaTeX Font Info:    Overwriting symbol font `operators' in version `bold'
(Font)                  EU1/HoeflerText(0)/m/n --> EU1/HoeflerText(0)/bx/n on i
nput line 78.
LaTeX Font Info:    Overwriting math alphabet `\mathit' in version `bold'
(Font)                  OT1/cmr/bx/it --> EU1/HoeflerText(0)/bx/it on input lin
e 78.
LaTeX Font Info:    Overwriting math alphabet `\mathsf' in version `bold'
(Font)                  OT1/cmss/bx/n --> EU1/GillSans(0)/bx/n on input line 78
.
LaTeX Font Info:    Overwriting math alphabet `\mathtt' in version `bold'
(Font)                  OT1/cmtt/m/n --> EU1/AndaleMono(0)/bx/n on input line 7
8.
LaTeX Info: Redefining \celsius on input line 78.
Package gensymb Info: Faking symbols for \degree and \celsius on input line 78.



Package gensymb Warning: Not defining \perthousand.

LaTeX Info: Redefining \ohm on input line 78.
Package gensymb Info: Using \Omega for \ohm on input line 78.

Package gensymb Warning: Not defining \micro.

\AtBeginShipoutBox=\box85
Package hyperref Info: Link coloring OFF on input line 78.
(/usr/local/texlive/2016/texmf-dist/tex/latex/hyperref/nameref.sty
Package: nameref 2012/10/27 v2.43 Cross-referencing by name of section

(/usr/local/texlive/2016/texmf-dist/tex/generic/oberdiek/gettitlestring.sty
Package: gettitlestring 2016/05/16 v1.5 Cleanup title references (HO)
)
\c@section@level=\count169
)
LaTeX Info: Redefining \ref on input line 78.
LaTeX Info: Redefining \pageref on input line 78.
LaTeX Info: Redefining \nameref on input line 78.

(./main.out) (./main.out)
\@outlinefile=\write4
\openout4 = `main.out'.

Package caption Info: Begin \AtBeginDocument code.
Package caption Info: End \AtBeginDocument code.

(/usr/local/texlive/2016/texmf-dist/tex/generic/oberdiek/se-ascii-print.def
File: se-ascii-print.def 2016/05/16 v1.11 stringenc: Printable ASCII characters

)
[1

] [2

] [-1] [0

] [1] [2] (./main.toc [1



]
Overfull \hbox (0.25197pt too wide) detected at line 94
 \EU1/HoeflerText(0)/m/n/12 100
 []


Overfull \hbox (2.05305pt too wide) in paragraph at lines 109--109
 [][] [][]\EU1/HoeflerText(0)/m/n/12 Genome-scale Co-evolutionary Inference Ide
ntifies Functions and 
 []

[2]
Overfull \hbox (0.22797pt too wide) detected at line 172
 \EU1/HoeflerText(0)/m/n/12 260
 []

[3])
\tf@toc=\write5
\openout5 = `main.toc'.

 [4] (./main.lof [5

]
Overfull \hbox (24.77309pt too wide) in paragraph at lines 31--31
 [][] [][]\EU1/HoeflerText(0)/m/n/12 The distribution of the Putative Client In
dex, PCI, among \EU1/HoeflerText(0)/m/it/12 hsp90A\EU1/HoeflerText(0)/m/n/12 -a
ssociated 
 []


Overfull \hbox (0.34796pt too wide) detected at line 48
 \EU1/HoeflerText(0)/m/n/12 240
 []


Overfull \hbox (10.1241pt too wide) in paragraph at lines 49--49
 [][] [][]\EU1/HoeflerText(0)/m/n/12 Circadian parameters estimated for differe
nt TR alleles in \EU1/HoeflerText(0)/m/it/12 elf3-4 CCR2::Luc 
 []

[6] [7]
Overfull \hbox (43.1781pt too wide) in paragraph at lines 77--77
 [][] [][]\EU1/HoeflerText(0)/m/n/12 HtpG interactions with FliN and CheA are d
ependent on the DnaJ/CbpA/DnaK 
 []


Overfull \hbox (3.55208pt too wide) in paragraph at lines 82--82
 [][] [][]\EU1/HoeflerText(0)/m/n/12 A global network of directional dependenci
es between prokaryotic genes 
 []

)
\tf@lof=\write6
\openout6 = `main.lof'.

 [8] (./main.lot
Overfull \hbox (4.94907pt too wide) in paragraph at lines 31--31
 [][] [][]\EU1/HoeflerText(0)/m/n/12 Regression analysis of hypocotyl elongatio
n temperature response among 
 []

[9

]
Overfull \hbox (1.68507pt too wide) in paragraph at lines 36--36
 [][] [][]\EU1/HoeflerText(0)/m/n/12 Regression analysis of rosette leaf number
 at flowering and petiole length 
 []


Overfull \hbox (0.56396pt too wide) detected at line 40
 \EU1/HoeflerText(0)/m/n/12 300
 []


Overfull \hbox (2.75606pt too wide) in paragraph at lines 46--46
 [][] [][]\EU1/HoeflerText(0)/m/n/12 Acceptor photobleaching FRET interactions 
of chemotaxis components 
 []

)
\tf@lot=\write7
\openout7 = `main.lot'.

 [10] [11

] [12] [13

] [14


]
<<1>>
LaTeX Font Info:    Font shape `EU1/HoeflerText(0)/bx/sl' in size <12> not avai
lable
(Font)              Font shape `EU1/HoeflerText(0)/bx/it' tried instead on inpu
t line 232.
LaTeX Font Info:    Font shape `EU1/HoeflerText(0)/m/sl' in size <12> not avail
able
(Font)              Font shape `EU1/HoeflerText(0)/m/it' tried instead on input
 line 234.
[1

] [2] [3] [4]
Underfull \vbox (badness 10000) has occurred while \output is active []

 [5]
[6] [7] [8] [9] [10] [11] [12] [13]
Overfull \hbox (7.0858pt too wide) in paragraph at lines 332--333
[]\EU1/HoeflerText(0)/m/n/12 Because we know that physiological epistasis is th
e most accurate measure of epistatic
 []

[14] [15]

LaTeX Warning: Command \nobreakspace invalid in math mode on input line 345.


Underfull \vbox (badness 1629) has occurred while \output is active []

 [16]
Underfull \vbox (badness 10000) has occurred while \output is active []

 [17]
[18] [19]
<<2>>
[20

] [21] [22]
Underfull \vbox (badness 10000) has occurred while \output is active []

 [23]
LaTeX Font Info:    Font shape `EU1/AndaleMono(0)/m/n' will be
(Font)              scaled to size 9.77985pt on input line 387.

[24] [25] [26] [27]
File: undurraga2012_figures/MainText/Figure1Q.png Graphic file (type QTm)
 <use  "undurraga2012_figures/MainText/Figure1Q.png" >

Package caption Warning: \captionsetup{type*=...} or \captionof
(caption)                outside box or environment on input line 403.
See the caption package documentation for explanation.


Package caption Warning: The option `hypcap=true' will be ignored for this
(caption)                particular \caption on input line 403.
See the caption package documentation for explanation.


Underfull \vbox (badness 10000) has occurred while \output is active []

 [28]
[29]
Underfull \vbox (badness 10000) has occurred while \output is active []

 [30]
File: undurraga2012_figures/MainText/Figure2Q.png Graphic file (type QTm)

<use  "undurraga2012_figures/MainText/Figure2Q.png" > [31] [32]
File: undurraga2012_figures/MainText/Figure3Q.png Graphic file (type QTm)

<use  "undurraga2012_figures/MainText/Figure3Q.png" >

Package caption Warning: The option `hypcap=true' will be ignored for this
(caption)                particular \caption on input line 431.
See the caption package documentation for explanation.


Underfull \vbox (badness 10000) has occurred while \output is active []

 [33]
[34]
Underfull \vbox (badness 3449) has occurred while \output is active []

 [35]
File: oldbad_vs_newboring_f1data.pdf Graphic file (type QTm)

<use  "oldbad_vs_newboring_f1data.pdf" >

LaTeX Warning: Float too large for page by 20.98846pt on input line 443.

[36] [37]
Underfull \vbox (badness 10000) has occurred while \output is active []

 [38]
[39]
<<3>>
[40

] [41]
Underfull \vbox (badness 10000) has occurred while \output is active []

 [42]
Underfull \vbox (badness 1454) has occurred while \output is active []

 [43]
Underfull \vbox (badness 10000) has occurred while \output is active []

 [44]
Underfull \vbox (badness 10000) has occurred while \output is active []

 [45]
[46]
File: pft1_resubmit_2014/pft1_fig1_FT_061914.png Graphic file (type QTm)
 <use  "pft1_resubmit_2014/pft1_fig1_FT_061914.png" > [47] [48]
File: pft1_resubmit_2014/pft1_fig2_112613.pdf Graphic file (type QTm)

<use  "pft1_resubmit_2014/pft1_fig2_112613.pdf" > [49] [50]
File: pft1_resubmit_2014/pft1_fig3.pdf Graphic file (type QTm)

<use  "pft1_resubmit_2014/pft1_fig3.pdf" > [51] [52]
File: pft1_resubmit_2014/pft1_fig4_052814-01.pdf Graphic file (type QTm)

<use  "pft1_resubmit_2014/pft1_fig4_052814-01.pdf" > [53] [54] [55] [56]
[57] [58]
<<4>>
[59

]
Underfull \vbox (badness 10000) has occurred while \output is active []

 [60]
Underfull \vbox (badness 10000) has occurred while \output is active []

 [61]
Underfull \vbox (badness 10000) has occurred while \output is active []

 [62]
[63]
Underfull \vbox (badness 10000) has occurred while \output is active []

 [64]
Underfull \vbox (badness 10000) has occurred while \output is active []

 [65]
File: 060414_tig_fig1_marked-01.png Graphic file (type QTm)

<use  "060414_tig_fig1_marked-01.png" > [66] [67] [68]
File: tig_figs/repeatmumodel_051214.pdf Graphic file (type QTm)

<use  "tig_figs/repeatmumodel_051214.pdf" >
Underfull \vbox (badness 10000) has occurred while \output is active []

 [69]
[70]
Underfull \vbox (badness 10000) has occurred while \output is active []

 [71]
File: tig_figs/logsd_varscore_011814.pdf Graphic file (type QTm)

<use  "tig_figs/logsd_varscore_011814.pdf" >
Underfull \vbox (badness 10000) has occurred while \output is active []

 [72]
[73] [74]
<<5>>
[75

]
Underfull \vbox (badness 10000) has occurred while \output is active []

 [76]
Underfull \vbox (badness 10000) has occurred while \output is active []

 [77]
[78] [79] [80]
File: elf3_epi/elf3_fig1_121615.pdf Graphic file (type QTm)
 <use  "elf3_epi/elf3_fig1_121615.pdf" >
Underfull \vbox (badness 2150) has occurred while \output is active []

 [81]
[82]
Underfull \vbox (badness 10000) has occurred while \output is active []

 [83]
File: elf3_epi/elf3_fig2_qtl_121615.pdf Graphic file (type QTm)

<use  "elf3_epi/elf3_fig2_qtl_121615.pdf" >
Underfull \vbox (badness 10000) has occurred while \output is active []

 [84]
[85]
File: elf3_epi/lsh9_elf3_fig3_030316.pdf Graphic file (type QTm)
 <use  "elf3_epi/lsh9_elf3_fig3_030316.pdf" > [86] [87]
File: elf3_epi/figure_y2helf4phyb_fig4_030316-01.png Graphic file (type QTm)

<use  "elf3_epi/figure_y2helf4phyb_fig4_030316-01.png" > [88] [89]
File: elf3_epi/elf3_fig5_y2hscreen-01.pdf Graphic file (type QTm)

<use  "elf3_epi/elf3_fig5_y2hscreen-01.pdf" > [90] [91]
Underfull \vbox (badness 1454) has occurred while \output is active []

 [92]
[93] [94] [95] [96]
<<6>>
LaTeX Font Info:    Font shape `EU1/AndaleMono(0)/m/n' will be
(Font)              scaled to size 8.14987pt on input line 833.

Underfull \vbox (badness 4341) has occurred while \output is active []

 [97

]
[98]
Underfull \vbox (badness 10000) has occurred while \output is active []

 [99]
[100] [101]
Underfull \hbox (badness 1655) in paragraph at lines 865--866
\EU1/HoeflerText(0)/m/n/12 Many recent studies noted the involvement of ELF3 in
 temperature-dependent
 []

File: elf3temp_pgen_sub/Fig1.png Graphic file (type QTm)
<use  "elf3temp_pgen_sub/Fig1.png" >

Package caption Warning: The option `hypcap=true' will be ignored for this
(caption)                particular \caption on input line 875.
See the caption package documentation for explanation.


Underfull \vbox (badness 10000) has occurred while \output is active []

 [102]
[103] [104]
File: elf3temp_pgen_sub/Fig2.png Graphic file (type QTm)
 <use  "elf3temp_pgen_sub/Fig2.png" >

LaTeX Warning: Float too large for page by 3.245pt on input line 891.

[105] [106] [107]
File: elf3temp_pgen_sub/Fig3.png Graphic file (type QTm)
 <use  "elf3temp_pgen_sub/Fig3.png" > [108] [109]
File: elf3temp_pgen_sub/Fig4.png Graphic file (type QTm)

<use  "elf3temp_pgen_sub/Fig4.png" >

LaTeX Warning: Float too large for page by 0.56235pt on input line 916.

File: elf3temp_pgen_sub/Fig5.png Graphic file (type QTm)
<use  "elf3temp_pgen_sub/Fig5.png" > [110] [111]

Package caption Warning: The option `hypcap=true' will be ignored for this
(caption)                particular \caption on input line 931.
See the caption package documentation for explanation.


Underfull \vbox (badness 10000) has occurred while \output is active []

 [112]
Underfull \vbox (badness 10000) has occurred while \output is active []

 [113]
Underfull \vbox (badness 10000) has occurred while \output is active []

 [114]
Underfull \vbox (badness 10000) has occurred while \output is active []

 [115]
Underfull \vbox (badness 10000) has occurred while \output is active []

 [116]
Underfull \vbox (badness 1024) has occurred while \output is active []

 [117]
Underfull \hbox (badness 10000) in paragraph at lines 956--957
[]\EU1/HoeflerText(0)/m/n/12 To summarize, at least three independent mechanism
s have been de-
 []


Underfull \hbox (badness 3354) in paragraph at lines 956--957
\EU1/HoeflerText(0)/m/n/12 scribed that promote thermoresponsive flowering in a
ny context. These in-
 []


Underfull \hbox (badness 10000) in paragraph at lines 956--957
\EU1/HoeflerText(0)/m/n/12 clude the photoperiodic pathway (PHYB/ELF3/GI/COP1),
 the autonomous
 []


Underfull \hbox (badness 10000) in paragraph at lines 956--957
\EU1/HoeflerText(0)/m/n/12 pathway (PHYA/FCA/FVE/TFL1/FLC), and the PIF4-depend
ent pathway
 []


Underfull \hbox (badness 1371) in paragraph at lines 956--957
\EU1/HoeflerText(0)/m/n/12 (PIF4/H2A.Z/gibberellin), all of which converge by r
egulating FT (although the
 []


Underfull \vbox (badness 10000) has occurred while \output is active []

 [118]
[119]
<<7>>
[120

] [121]
Underfull \vbox (badness 1454) has occurred while \output is active []

 [122]
Underfull \vbox (badness 10000) has occurred while \output is active []

 [123]
Underfull \vbox (badness 1024) has occurred while \output is active []

 [124]
[125]
Underfull \hbox (badness 1642) in paragraph at lines 1009--1010
\EU1/HoeflerText(0)/m/n/12 We selected 10 genes at random from the \EU1/Hoefler
Text(0)/m/it/12 hsp90A\EU1/HoeflerText(0)/m/n/12 -associated set and used the
 []


Underfull \hbox (badness 1436) in paragraph at lines 1011--1012
\EU1/HoeflerText(0)/m/n/12 To provide an accurate description of the co-evoluti
onary dynamics of \EU1/HoeflerText(0)/m/it/12 hsp90A\EU1/HoeflerText(0)/m/n/12 
-
 []

[126]
Underfull \vbox (badness 3646) has occurred while \output is active []

 [127]
[128] [129]
Underfull \hbox (badness 1152) in paragraph at lines 1050--1051
\EU1/HoeflerText(0)/m/n/12 FRET measurements by acceptor photobleaching were pe
rformed on a custom-
 []

[130]
Underfull \vbox (badness 1454) has occurred while \output is active []

 [131]
File: htpg/fig_1_020513.png Graphic file (type QTm)

<use  "htpg/fig_1_020513.png" > [132] [133]
Overfull \hbox (22.98903pt too wide) in paragraph at lines 1073--1097
 [] 
 []

File: htpg/fig_2_020813.png Graphic file (type QTm)
<use  "htpg/fig_2_020813.png" >

LaTeX Warning: Float too large for page by 3.25835pt on input line 1108.

[134] [135] [136] [137]
File: htpg/fig_3_022713.png Graphic file (type QTm)
 <use  "htpg/fig_3_022713.png" >
Underfull \hbox (badness 1028) in paragraph at lines 1153--1153
[]\EU1/HoeflerText(0)/m/n/12 Figure 7.3: |The distribution of the Putative Clie
nt Index, PCI, among \EU1/HoeflerText(0)/m/it/12 hsp90A\EU1/HoeflerText(0)/m/n/
12 -
 []

[138] [139] [140] [141]
File: htpg/fig_4_022713.png Graphic file (type QTm)
 <use  "htpg/fig_4_022713.png" > [142] [143]
File: htpg/fig_5_032713.png Graphic file (type QTm)

<use  "htpg/fig_5_032713.png" > [144] [145] [146]
File: htpg/fig_6_022713.png Graphic file (type QTm)

<use  "htpg/fig_6_022713.png" >
Underfull \vbox (badness 10000) has occurred while \output is active []

 [147]
Underfull \vbox (badness 10000) has occurred while \output is active []

 [148]
Underfull \vbox (badness 10000) has occurred while \output is active []

 [149]
Underfull \vbox (badness 10000) has occurred while \output is active []

 [150]
[151]
<<8>>

Underfull \hbox (badness 10000) in paragraph at lines 1228--1228
[][]$[][][][] [] [] [] [][][][][][][] [] [][][] [] [][][][][][][] [] [][][][][]
 [] [][][][] [] [][] [] [][] [] [][][][][][][][][]$[] \EU1/HoeflerText(0)/m/n/1
0 or []$[][][][] [] [] [] [][][][][][] [] [][][][][] [] [][][] []
 []


Underfull \vbox (badness 2119) has occurred while \output is active []

 [152

]
[153] [154]
Underfull \vbox (badness 10000) has occurred while \output is active []

 [155]
Underfull \vbox (badness 2096) has occurred while \output is active []

 [156]
Underfull \vbox (badness 10000) has occurred while \output is active []

 [157]
[158] [159] [160] [161] [162]
File: HGT_REVISION_2016/figures/Press_Fig1.png Graphic file (type QTm)

<use  "HGT_REVISION_2016/figures/Press_Fig1.png" >

LaTeX Warning: Float too large for page by 3.25351pt on input line 1307.

[163] [164]
File: HGT_REVISION_2016/figures/Press_Fig2.png Graphic file (type QTm)
 <use  "HGT_REVISION_2016/figures/Press_Fig2.png" >
Underfull \vbox (badness 10000) has occurred while \output is active []

 [165]
File: HGT_REVISION_2016/figures/Press_Fig3.png Graphic file (type QTm)

<use  "HGT_REVISION_2016/figures/Press_Fig3.png" >
Underfull \vbox (badness 10000) has occurred while \output is active []

 [166]
Underfull \vbox (badness 10000) has occurred while \output is active []

 [167]
[168]
File: HGT_REVISION_2016/figures/Press_Fig4.png Graphic file (type QTm)
 <use  "HGT_REVISION_2016/figures/Press_Fig4.png" >

LaTeX Warning: Float too large for page by 17.62999pt on input line 1376.


Underfull \vbox (badness 10000) has occurred while \output is active []

 [169]
[170]
File: HGT_REVISION_2016/figures/Press_Fig5.png Graphic file (type QTm)
 <use  "HGT_REVISION_2016/figures/Press_Fig5.png" >
Underfull \vbox (badness 10000) has occurred while \output is active []

 [171]
[172]
Underfull \vbox (badness 10000) has occurred while \output is active []

 [173]
Underfull \vbox (badness 10000) has occurred while \output is active []

 [174]
[175]
<<9>>
[176

]
File: elf3_epi/musim_041716_both-01.png Graphic file (type QTm)
 <use  "elf3_epi/musim_041716_both-01.png" >
Underfull \vbox (badness 10000) has occurred while \output is active []

 [177]
[178]
File: elf3_epi/elf3_hsp90_interxn_011816-01.pdf Graphic file (type QTm)
 <use  "elf3_epi/elf3_hsp90_interxn_011816-01.pdf" >
Underfull \vbox (badness 10000) has occurred while \output is active []

 [179]
[180] [181] [182]
File: HGT_REVISION_2016/failhgt-01.png Graphic file (type QTm)
 <use  "HGT_REVISION_2016/failhgt-01.png" >
Underfull \vbox (badness 7433) has occurred while \output is active []

 [183]
[184] [185] [186]
Underfull \vbox (badness 10000) has occurred while \output is active []

 [187]
(./main.bbl [188] [189

]
Underfull \hbox (badness 2689) in paragraph at lines 121--125
[]\EU1/HoeflerText(0)/m/n/12 Daniel Barker and Mark Pagel.  Predicting function
al gene links from
 []

[190]
Underfull \hbox (badness 2302) in paragraph at lines 157--162
\EU1/HoeflerText(0)/m/n/12 Manhart, Jeong-Mo Choi, Wanmeng Mu, Jingwen Zhou, an
d Eugene I.
 []


Underfull \hbox (badness 1117) in paragraph at lines 176--184
\EU1/HoeflerText(0)/m/n/12 sky, James R. Eshleman, Randall W. Burt, Stephen J. 
Meltzer, Miguel A.
 []

[191] [192] [193] [194] [195] [196] [197]
Underfull \hbox (badness 2653) in paragraph at lines 575--593
[]\EU1/HoeflerText(0)/m/n/12 Exome Aggregation Consortium, Monkol Lek, Konrad K
arczewski, Eric
 []

[198]
Underfull \hbox (badness 10000) in paragraph at lines 612--616
[]\EU1/HoeflerText(0)/m/n/12 Joseph Felsenstein.  \EU1/HoeflerText(0)/m/it/12 T
heoretical Evolutionary Genetics\EU1/HoeflerText(0)/m/n/12 .
 []


Underfull \hbox (badness 10000) in paragraph at lines 612--616
\EU1/HoeflerText(0)/m/n/12 http://evolution.gs.washington.edu/pgbook/pgbook.pdf
, Seattle, WA, USA,
 []

[199] [200]
Underfull \hbox (badness 10000) in paragraph at lines 775--779
\EU1/HoeflerText(0)/m/n/12 PLATYPOECILUS; THE INHERITANCE OF TWO KINDS OF
 []

[201] [202] [203]
Underfull \hbox (badness 2452) in paragraph at lines 971--975
[]\EU1/HoeflerText(0)/m/n/12 Sabrina Iigo, Adrin N Giraldez, Joanne Chory, an
d Pablo D Cerdn.
 []

[204]
Underfull \hbox (badness 2662) in paragraph at lines 998--1002
[]\EU1/HoeflerText(0)/m/n/12 Wataru Iwasaki and Toshihisa Takagi.  Rapid pathwa
y evolution facili-
 []

[205] [206]
Underfull \hbox (badness 1509) in paragraph at lines 1157--1163
\EU1/HoeflerText(0)/m/n/12 sis thaliana T-DNA mutant database.  \EU1/HoeflerTex
t(0)/m/it/12 Nucleic acids research\EU1/HoeflerText(0)/m/n/12 , 40(Database
 []

[207]
Underfull \hbox (badness 3199) in paragraph at lines 1211--1215
[]\EU1/HoeflerText(0)/m/n/12 Igor Kovalchuk, Olga Kovalchuk, Vronique Kalck, V
italy Boyko, Jody
 []

[208]
Underfull \hbox (badness 4403) in paragraph at lines 1270--1273
[]\EU1/HoeflerText(0)/m/n/12 Jennifer Lachowiec, Tzitziki Lemus, Elhanan Borens
tein, and Christine
 []

[209]
Underfull \hbox (badness 2547) in paragraph at lines 1324--1327
[]\EU1/HoeflerText(0)/m/n/12 Janne Lempe, Jennifer Lachowiec, Alessandra M Sull
ivan, and Christine
 []

[210] [211] [212] [213]
Underfull \hbox (badness 1609) in paragraph at lines 1594--1599
[]\EU1/HoeflerText(0)/m/n/12 Michael Molla, Arthur Delcher, Shamil Sunyaev, Cha
rles Cantor, and Si-
 []

[214] [215] [216] [217] [218]
Underfull \hbox (badness 2894) in paragraph at lines 1933--1941
\EU1/HoeflerText(0)/m/n/12 Collombat, Maria Brigida Lioi, Jozef Gecz, Matilde V
aleria Ursini, and
 []

[219]
Underfull \hbox (badness 1924) in paragraph at lines 1965--1970
[]\EU1/HoeflerText(0)/m/n/12 Maximilian O Press, Hui Li, Nicole Creanza, Gnter
 Kramer, Christine
 []


Underfull \hbox (badness 4084) in paragraph at lines 1965--1970
\EU1/HoeflerText(0)/m/n/12 Queitsch, Victor Sourjik, and Elhanan Borenstein.  G
enome-scale co-
 []

[220]
Underfull \hbox (badness 10000) in paragraph at lines 2011--2013
[]\EU1/HoeflerText(0)/m/n/12 A Rambaut and AJ Drummond.  Tracer v1.5, Available
 from
 []

[221] [222] [223]
Underfull \hbox (badness 3838) in paragraph at lines 2213--2220
\EU1/HoeflerText(0)/m/n/12 Masami Muramatsu, Yoshihide Hayashizaki, Jun Kawai, 
Piero Carninci,
 []

[224] [225]
Underfull \hbox (badness 3460) in paragraph at lines 2310--2315
[]\EU1/HoeflerText(0)/m/n/12 Valeria Specchia, Lucia Piacentini, Patrizia Tritt
o, Laura Fanti, Rosalba
 []


Underfull \hbox (badness 5756) in paragraph at lines 2369--2373
[]\EU1/HoeflerText(0)/m/n/12 A. H. Sturtevant.  GENETIC STUDIES ON DROSOPHILA S
IM-
 []


Underfull \hbox (badness 10000) in paragraph at lines 2369--2373
\EU1/HoeflerText(0)/m/n/12 ULANS. I. INTRODUCTION. HYBRIDS WITH DROSOPHILA
 []

[226] [227] [228] [229] [230]
Underfull \hbox (badness 3907) in paragraph at lines 2667--2676
[]\EU1/HoeflerText(0)/m/n/12 Jian Yang, Andrew Bakshi, Zhihong Zhu, Gibran Hema
ni, Anna A E
 []

[231] [232] [233]) [234]
<<A>>
File: undurraga2012_figures/SupplText/SuppFig1.png Graphic file (type QTm)
<use  "undurraga2012_figures/SupplText/SuppFig1.png" >

Package caption Warning: The option `hypcap=true' will be ignored for this
(caption)                particular \caption on input line 1503.
See the caption package documentation for explanation.

[235

] [236]
File: undurraga2012_figures/SupplText/SuppFig2.png Graphic file (type QTm)
 <use  "undurraga2012_figures/SupplText/SuppFig2.png" >

LaTeX Warning: Float too large for page by 16.93999pt on input line 1510.


Package caption Warning: The option `hypcap=true' will be ignored for this
(caption)                particular \caption on input line 1513.
See the caption package documentation for explanation.

[237] [238]
File: undurraga2012_figures/SupplText/S3.png Graphic file (type QTm)
 <use  "undurraga2012_figures/SupplText/S3.png" >

Package caption Warning: The option `hypcap=true' will be ignored for this
(caption)                particular \caption on input line 1524.
See the caption package documentation for explanation.

[239] [240]
File: undurraga2012_figures/SupplText/S4.png Graphic file (type QTm)
 <use  "undurraga2012_figures/SupplText/S4.png" >

LaTeX Warning: Float too large for page by 14.58473pt on input line 1531.

File: undurraga2012_figures/SupplText/S5.png Graphic file (type QTm)
<use  "undurraga2012_figures/SupplText/S5.png" >
Invalid UTF-8 byte or sequence at line 1540 replaced by U+FFFD.
Invalid UTF-8 byte or sequence at line 1540 replaced by U+FFFD.


Package caption Warning: The option `hypcap=true' will be ignored for this
(caption)                particular \caption on input line 1540.
See the caption package documentation for explanation.

Missing character: There is no  in font Hoefler Text/AAT:mapping=tex-text;mapp
ing=tex-text;mapping=tex-text;!
Missing character: There is no  in font Hoefler Text/AAT:mapping=tex-text;mapp
ing=tex-text;mapping=tex-text;!
Missing character: There is no  in font Hoefler Text/AAT:mapping=tex-text;mapp
ing=tex-text;mapping=tex-text;!
Missing character: There is no  in font Hoefler Text/AAT:mapping=tex-text;mapp
ing=tex-text;mapping=tex-text;!
[241] [242] [243]
File: undurraga2012_figures/SupplText/S6.png Graphic file (type QTm)
 <use  "undurraga2012_figures/SupplText/S6.png" >
File: f2_batches_badvsgood_111915.pdf Graphic file (type QTm)

<use  "f2_batches_badvsgood_111915.pdf" >
Underfull \hbox (badness 10000) in paragraph at lines 1551--1552
[][]
 []


Underfull \hbox (badness 10000) in paragraph at lines 1551--1552

 []

[244] [245] [246]

Package caption Warning: The caption type was already set to `figure'
(caption)                 on input line 1572.
See the caption package documentation for explanation.


Package caption Warning: The option `hypcap=true' will be ignored for this
(caption)                particular \caption on input line 1572.
See the caption package documentation for explanation.

[247

] [248] [249

]
Overfull \hbox (1.23834pt too wide) in paragraph at lines 1880--1925
[][] 
 []

[250] [251] [252] [253] [254]
<<B>>
File: pft1_resubmit_2014/pft1_figs1-01.png Graphic file (type QTm)
<use  "pft1_resubmit_2014/pft1_figs1-01.png" > [255


] [256] [257] [258] [259]
<<C>>
[260

] [261] [262] [263] [264]
<<D>>
[265

]
Underfull \hbox (badness 1796) in paragraph at lines 2228--2230
\EU1/HoeflerText(0)/m/n/12 pGBKT7-ELF3-7Q, pGBKT7-ELF3-16Q, pGBKT7-ELF3-0Q, and
 pGBKT7-ELF3-
 []

[266]
File: elf3_epi/colwsf2_intercross_schematic_022416-01.pdf Graphic file (type QT
m)
 <use  "elf3_epi/colwsf2_intercross_schematic_022416-01.pdf" > [267]
File: elf3_epi/ws_strains_venndiag_010714-01.pdf Graphic file (type QTm)

<use  "elf3_epi/ws_strains_venndiag_010714-01.pdf" > [268]
File: elf3_epi/elf3_figs3_genoimage.pdf Graphic file (type QTm)

<use  "elf3_epi/elf3_figs3_genoimage.pdf" > [269]
File: elf3_epi/stwo_qtl_022815.pdf Graphic file (type QTm)

<use  "elf3_epi/stwo_qtl_022815.pdf" > [270]
File: elf3_epi/elf3_interactionplots_031715-01.png Graphic file (type QTm)

<use  "elf3_epi/elf3_interactionplots_031715-01.png" > [271]
File: elf3_epi/elf3_figs6_candidates-01.pdf Graphic file (type QTm)

<use  "elf3_epi/elf3_figs6_candidates-01.pdf" > [272]
File: elf3_epi/elf3_figsA_121515-01.pdf Graphic file (type QTm)

<use  "elf3_epi/elf3_figsA_121515-01.pdf" > [273]
File: elf3_epi/elf3_figself3expr_lsh9_022516-01.pdf Graphic file (type QTm)

<use  "elf3_epi/elf3_figself3expr_lsh9_022516-01.pdf" > [274]
File: elf3_epi/elf3_supp_emptyy2h_121015-01.pdf Graphic file (type QTm)

<use  "elf3_epi/elf3_supp_emptyy2h_121015-01.pdf" > [275]
File: elf3_epi/elf3_figsZZZ_pif4fail_121415-01.pdf Graphic file (type QTm)

<use  "elf3_epi/elf3_figsZZZ_pif4fail_121415-01.pdf" > [276]
File: elf3_epi/lacz_assay_results_22hr_012216.pdf Graphic file (type QTm)

<use  "elf3_epi/lacz_assay_results_22hr_012216.pdf" > [277] [278] [279]
[280] [281] [282] [283] [284]
<<E>>
File: elf3temp_pgen_sub/FigS1.png Graphic file (type QTm)
<use  "elf3temp_pgen_sub/FigS1.png" >
File: elf3temp_pgen_sub/FigS2.png Graphic file (type QTm)
 <use  "elf3temp_pgen_sub/FigS2.png" >
[285

] [286] [287] [288] [289] [290] [291] [292] [293] [294] [295] [296]
[297] [298]
Overfull \hbox (2.313pt too wide) in paragraph at lines 2893--2919
[][] 
 []

[299] [300] [301]
<<F>>
[302

] [303] [304]
File: htpg/fig_s1_020713.png Graphic file (type QTm)
 <use  "htpg/fig_s1_020713.png" > [305] [306]
Overfull \vbox (8.77318pt too high) has occurred while \output is active []


[307]
File: htpg/fig_s2.png Graphic file (type QTm)
 <use  "htpg/fig_s2.png" >
File: htpg/fig_s3.png Graphic file (type QTm)
 <use  "htpg/fig_s3.png" > [308]
File: htpg/fig_s4.png Graphic file (type QTm)

<use  "htpg/fig_s4.png" > [309]
File: htpg/fig_s5.png Graphic file (type QTm)
 <use  "htpg/fig_s5.png" > [310]
File: htpg/fig_s6.png Graphic file (type QTm)

<use  "htpg/fig_s6.png" >
Underfull \hbox (badness 4479) in paragraph at lines 3000--3000
[]\EU1/HoeflerText(0)/m/n/12 Figure F.6: |HtpG interactions with FliN and CheA 
are dependent on the
 []

[311]
Overfull \vbox (10.26498pt too high) has occurred while \output is active []


[312] [313] [314]
Overfull \hbox (19.19656pt too wide) in paragraph at lines 3098--3116
[][] 
 []

[315] [316]
<<G>>
[317

] [318] [319] [320] [321] [322] [323] [324] [325] [326]
File: HGT_REVISION_2016/figures/gainvsloss_022016.png Graphic file (type QTm)

<use  "HGT_REVISION_2016/figures/gainvsloss_022016.png" >
File: HGT_REVISION_2016/figures/hgt_figs2_022016-01.png Graphic file (type QTm)


<use  "HGT_REVISION_2016/figures/hgt_figs2_022016-01.png" > [327]

Package caption Warning: The option `hypcap=true' will be ignored for this
(caption)                particular \caption on input line 3236.
See the caption package documentation for explanation.

[328] [329]
File: HGT_REVISION_2016/figures/figure_s3_092215-01.pdf Graphic file (type QTm)

 <use  "HGT_REVISION_2016/figures/figure_s3_092215-01.pdf" >
[330]
File: HGT_REVISION_2016/figures/figs4_092215-01.pdf Graphic file (type QTm)
 <use  "HGT_REVISION_2016/figures/figs4_092215-01.pdf" > [331]
File: HGT_REVISION_2016/figures/figs5_092215-01.png Graphic file (type QTm)

<use  "HGT_REVISION_2016/figures/figs5_092215-01.png" > [332]
File: HGT_REVISION_2016/figures/figs6_092315.pdf Graphic file (type QTm)

<use  "HGT_REVISION_2016/figures/figs6_092315.pdf" > [333]
File: HGT_REVISION_2016/figures/figs7_020916.pdf Graphic file (type QTm)

<use  "HGT_REVISION_2016/figures/figs7_020916.pdf" >
Overfull \vbox (10.5494pt too high) has occurred while \output is active []


[334]
File: HGT_REVISION_2016/figures/figs8_092215.pdf Graphic file (type QTm)
 <use  "HGT_REVISION_2016/figures/figs8_092215.pdf" >
File: HGT_REVISION_2016/figures/figs9_013016.pdf Graphic file (type QTm)

<use  "HGT_REVISION_2016/figures/figs9_013016.pdf" > [335]
Overfull \vbox (5.68918pt too high) has occurred while \output is active []


[336]
Underfull \hbox (badness 10000) in paragraph at lines 3302--3331
[][]
 []

[337]

Package caption Warning: The caption type was already set to `figure'
(caption)                 on input line 3349.
See the caption package documentation for explanation.


Package caption Warning: The option `hypcap=true' will be ignored for this
(caption)                particular \caption on input line 3349.
See the caption package documentation for explanation.

[338] [339] [340] [341] [342] [343]
Overfull \hbox (13.91953pt too wide) in paragraph at lines 3516--3527
[][] 
 []

[344] [345]
Package atveryend Info: Empty hook `BeforeClearDocument' on input line 3584.
 [346

]
Package atveryend Info: Empty hook `AfterLastShipout' on input line 3584.
 (./main.aux)
Package atveryend Info: Empty hook `AtVeryEndDocument' on input line 3584.
Package atveryend Info: Empty hook `AtEndAfterFileList' on input line 3584.


LaTeX Warning: There were multiply-defined labels.

Package atveryend Info: Empty hook `AtVeryVeryEnd' on input line 3584.
 ) 
Here is how much of TeX's memory you used:
 23612 strings out of 493591
 421555 string characters out of 6143546
 516937 words of memory out of 5000000
 26722 multiletter control sequences out of 15000+600000
 9316 words of font info for 72 fonts, out of 8000000 for 9000
 1347 hyphenation exceptions out of 8191
 48i,15n,105p,10382b,453s stack positions out of 5000i,500n,10000p,200000b,80000s

Output written on main.pdf (366 pages).
