\BOOKMARK [0][-]{chapter*.2}{List\040of\040Figures}{}% 1
\BOOKMARK [0][-]{chapter.1}{Introduction}{}% 2
\BOOKMARK [1][-]{section.1.1}{Practical\040and\040philosophical\040approaches\040to\040the\040genotype-phenotype\040problem}{chapter.1}% 3
\BOOKMARK [1][-]{section.1.2}{Linear\040models\040and\040Fisherian\040quantitative\040genetics}{chapter.1}% 4
\BOOKMARK [1][-]{section.1.3}{Epistasis}{chapter.1}% 5
\BOOKMARK [1][-]{section.1.4}{Fast-evolving\040genetic\040elements}{chapter.1}% 6
\BOOKMARK [1][-]{section.1.5}{Evolutionary\040implications\040of\040fast-evolving\040genome\040architectures}{chapter.1}% 7
\BOOKMARK [0][-]{chapter.2}{Background-dependent\040effects\040of\040polyglutamine\040variation\040in\040the\040Arabidopsis\040thaliana\040gene\040ELF3}{}% 8
\BOOKMARK [1][-]{section.2.1}{Summary}{chapter.2}% 9
\BOOKMARK [1][-]{section.2.2}{Introduction}{chapter.2}% 10
\BOOKMARK [1][-]{section.2.3}{Methods}{chapter.2}% 11
\BOOKMARK [1][-]{section.2.4}{ELF3-TR\040variation\040affects\040ELF3-dependent\040phenotypes.\040}{chapter.2}% 12
\BOOKMARK [1][-]{section.2.5}{ELF3-TR\040variation\040modulates\040the\040precision\040of\040the\040circadian\040clock}{chapter.2}% 13
\BOOKMARK [1][-]{section.2.6}{ELF3-TR\040variation\040interacts\040with\040genetic\040background.}{chapter.2}% 14
\BOOKMARK [1][-]{section.2.7}{Col\040ELF3\040allele\040is\040not\040haploinsufficient\040in\040Col\040x\040Ws\040hybrids.}{chapter.2}% 15
\BOOKMARK [1][-]{section.2.8}{Discussion}{chapter.2}% 16
\BOOKMARK [0][-]{chapter.3}{The\040conserved\040PFT1\040tandem\040repeat\040is\040crucial\040for\040proper\040flowering\040in\040Arabidopsis\040thaliana}{}% 17
\BOOKMARK [1][-]{section.3.1}{Summary}{chapter.3}% 18
\BOOKMARK [1][-]{section.3.2}{Introduction}{chapter.3}% 19
\BOOKMARK [1][-]{section.3.3}{Methods}{chapter.3}% 20
\BOOKMARK [1][-]{section.3.4}{Natural\040variation\040of\040PFT1\040STR}{chapter.3}% 21
\BOOKMARK [1][-]{section.3.5}{The\040PFT1\040STR\040length\040is\040essential\040for\040wild-type\040flowering\040and\040shade\040avoidance}{chapter.3}% 22
\BOOKMARK [1][-]{section.3.6}{PFT1\040STR\040alleles\040fail\040to\040rescue\040early\040seedling\040phenotypes}{chapter.3}% 23
\BOOKMARK [1][-]{section.3.7}{Summarizing\040PFT1\040STR\040function\040across\040all\040tested\040phenotypes}{chapter.3}% 24
\BOOKMARK [1][-]{section.3.8}{Discussion}{chapter.3}% 25
\BOOKMARK [0][-]{chapter.4}{Short\040tandem\040repeats\040and\040quantitative\040genetics}{}% 26
\BOOKMARK [0][-]{chapter.5}{The\040variable\040ELF3\040polyglutamine\040hubs\040an\040epistatic\040network}{}% 27
\BOOKMARK [0][-]{chapter.6}{ELF3\040polyglutamine\040variation\040reveals\040a\040PIF4-independent\040role\040in\040thermoresponsive\040flowering}{}% 28
\BOOKMARK [0][-]{chapter.7}{Genome-scale\040Co-evolutionary\040Inference\040Identifies\040Functions\040and\040Clients\040of\040Bacterial\040Hsp90}{}% 29
\BOOKMARK [0][-]{chapter.8}{Evolutionary\040assembly\040patterns\040of\040prokaryotic\040genomes}{}% 30
\BOOKMARK [0][-]{chapter.9}{The\040Thesis\040Unformatted}{}% 31
\BOOKMARK [1][-]{section.9.1}{The\040Control\040File}{chapter.9}% 32
\BOOKMARK [1][-]{section.9.2}{The\040Text\040Pages}{chapter.9}% 33
\BOOKMARK [1][-]{section.9.3}{The\040Preliminary\040Pages}{chapter.9}% 34
\BOOKMARK [0][-]{chapter*.14}{Bibliography}{}% 35
\BOOKMARK [0][-]{appendix.A}{Supporting\040Chapter\0402}{}% 36
\BOOKMARK [0][-]{appendix.B}{Supporting\040Chapter\0403}{}% 37
\BOOKMARK [0][-]{appendix.C}{Supporting\040Chapter\0404}{}% 38
\BOOKMARK [0][-]{appendix.D}{Supporting\040Chapter\0405}{}% 39
\BOOKMARK [0][-]{appendix.E}{Supporting\040Chapter\0406}{}% 40
\BOOKMARK [0][-]{appendix.F}{Supporting\040Chapter\0407}{}% 41
\BOOKMARK [0][-]{appendix.G}{Where\040to\040find\040the\040files}{}% 42
