This is pdfTeX, Version 3.1415926-2.3-1.40.12 (TeX Live 2011) (format=pdflatex 2011.7.3)  19 NOV 2015 14:58
entering extended mode
 \write18 enabled.
 file:line:error style messages enabled.
 %&-line parsing enabled.
**uwthesis.tex
(./uwthesis.tex
LaTeX2e <2009/09/24>
Babel <v3.8l> and hyphenation patterns for english, dumylang, nohyphenation, ge
rman-x-2009-06-19, ngerman-x-2009-06-19, afrikaans, ancientgreek, ibycus, arabi
c, armenian, basque, bulgarian, catalan, pinyin, coptic, croatian, czech, danis
h, dutch, ukenglish, usenglishmax, esperanto, estonian, ethiopic, farsi, finnis
h, french, galician, german, ngerman, swissgerman, monogreek, greek, hungarian,
 icelandic, assamese, bengali, gujarati, hindi, kannada, malayalam, marathi, or
iya, panjabi, tamil, telugu, indonesian, interlingua, irish, italian, kurmanji,
 lao, latin, latvian, lithuanian, mongolian, mongolianlmc, bokmal, nynorsk, pol
ish, portuguese, romanian, russian, sanskrit, serbian, serbianc, slovak, sloven
ian, spanish, swedish, turkish, turkmen, ukrainian, uppersorbian, welsh, loaded
.
(./uwthesis.cls
Document Class: uwthesis 2012/06/19
\tf@not=\write3
(/usr/local/texlive/2011/texmf-dist/tex/latex/base/book.cls
Document Class: book 2007/10/19 v1.4h Standard LaTeX document class
(/usr/local/texlive/2011/texmf-dist/tex/latex/base/bk11.clo
File: bk11.clo 2007/10/19 v1.4h Standard LaTeX file (size option)
)
\c@part=\count79
\c@chapter=\count80
\c@section=\count81
\c@subsection=\count82
\c@subsubsection=\count83
\c@paragraph=\count84
\c@subparagraph=\count85
\c@figure=\count86
\c@table=\count87
\abovecaptionskip=\skip41
\belowcaptionskip=\skip42
\bibindent=\dimen102
)
\botmargin=\dimen103
\@@wholepage=\box26

Formatting for twoside printing.
\@Chair=\count88
\@Sign=\count89
\abs@savebox=\box27
) (/usr/local/texlive/2011/texmf-dist/tex/latex/supertabular/supertabular.sty
Package: supertabular 2004/02/20 v4.1e the supertabular environment
\c@tracingst=\count90
\ST@wd=\dimen104
\ST@rightskip=\skip43
\ST@leftskip=\skip44
\ST@parfillskip=\skip45
\ST@pageleft=\dimen105
\ST@headht=\dimen106
\ST@tailht=\dimen107
\ST@pagesofar=\dimen108
\ST@pboxht=\dimen109
\ST@lineht=\dimen110
\ST@stretchht=\dimen111
\ST@prevht=\dimen112
\ST@toadd=\dimen113
\ST@dimen=\dimen114
\ST@pbox=\box28
)
(/usr/local/texlive/2011/texmf-dist/tex/latex/caption/caption.sty
Package: caption 2010/01/09 v3.1m Customizing captions (AR)

(/usr/local/texlive/2011/texmf-dist/tex/latex/caption/caption3.sty
Package: caption3 2010/01/14 v3.1m caption3 kernel (AR)

(/usr/local/texlive/2011/texmf-dist/tex/latex/graphics/keyval.sty
Package: keyval 1999/03/16 v1.13 key=value parser (DPC)
\KV@toks@=\toks14
)
\captionmargin=\dimen115
\captionmargin@=\dimen116
\captionwidth=\dimen117
\caption@indent=\dimen118
\caption@parindent=\dimen119
\caption@hangindent=\dimen120
)
\c@ContinuedFloat=\count91
Package caption Info: supertabular package is loaded.
)
(/usr/local/texlive/2011/texmf-dist/tex/latex/tools/longtable.sty
Package: longtable 2004/02/01 v4.11 Multi-page Table package (DPC)
\LTleft=\skip46
\LTright=\skip47
\LTpre=\skip48
\LTpost=\skip49
\LTchunksize=\count92
\LTcapwidth=\dimen121
\LT@head=\box29
\LT@firsthead=\box30
\LT@foot=\box31
\LT@lastfoot=\box32
\LT@cols=\count93
\LT@rows=\count94
\c@LT@tables=\count95
\c@LT@chunks=\count96
\LT@p@ftn=\toks15
)
(/usr/local/texlive/2011/texmf-dist/tex/latex/base/alltt.sty
Package: alltt 1997/06/16 v2.0g defines alltt environment
) (./uwthesis.aux)
\openout1 = `uwthesis.aux'.

LaTeX Font Info:    Checking defaults for OML/cmm/m/it on input line 78.
LaTeX Font Info:    ... okay on input line 78.
LaTeX Font Info:    Checking defaults for T1/cmr/m/n on input line 78.
LaTeX Font Info:    ... okay on input line 78.
LaTeX Font Info:    Checking defaults for OT1/cmr/m/n on input line 78.
LaTeX Font Info:    ... okay on input line 78.
LaTeX Font Info:    Checking defaults for OMS/cmsy/m/n on input line 78.
LaTeX Font Info:    ... okay on input line 78.
LaTeX Font Info:    Checking defaults for OMX/cmex/m/n on input line 78.
LaTeX Font Info:    ... okay on input line 78.
LaTeX Font Info:    Checking defaults for U/cmr/m/n on input line 78.
LaTeX Font Info:    ... okay on input line 78.
Package caption Info: Begin \AtBeginDocument code.
Package caption Info: Incompatible package detected (regarding \caption).
(caption)             \caption = macro:->\@ifnextchar ({\@specialcaption }{\@no
rmalcaption }.
Package caption Info: Incompatible package detected (regarding \@caption).
(caption)             \@caption = \long macro:#1[#2]#3->\par \ifcaptiontotoc \a
ddcontentsline {\csname ext@#1\endcsname }{#1}{\protect \numberline {\csname th
e#1\endcsname }{\ignorespaces #2}}\fi \begingroup \@parboxrestore \def \baselin
estretch {1.0} \normalsize \@makecaption {\csname fnum@#1\endcsname \thecaption
letter }{\ignorespaces #3}\par \endgroup .


Package caption Warning: \caption will not be redefined since it's already
(caption)                redefined by a document class or package which is
(caption)                unknown to the caption package.
See the caption package documentation for explanation.

Package caption Info: longtable package is loaded.
(/usr/local/texlive/2011/texmf-dist/tex/latex/caption/ltcaption.sty
Package: ltcaption 2008/03/28 v1.2 longtable captions (AR)
)
Package caption Info: End \AtBeginDocument code.
LaTeX Font Info:    Try loading font information for OMS+cmr on input line 102.


(/usr/local/texlive/2011/texmf-dist/tex/latex/base/omscmr.fd
File: omscmr.fd 1999/05/25 v2.5h Standard LaTeX font definitions
)
LaTeX Font Info:    Font shape `OMS/cmr/m/n' in size <10.95> not available
(Font)              Font shape `OMS/cmsy/m/n' tried instead on input line 102.
 [1

{/usr/local/texlive/2011/texmf-var/fonts/map/pdftex/updmap/pdftex.map}] [2

]
LaTeX Font Info:    External font `cmex10' loaded for size
(Font)              <14.4> on input line 115.
LaTeX Font Info:    External font `cmex10' loaded for size
(Font)              <7> on input line 115.
LaTeX Font Info:    External font `cmex10' loaded for size
(Font)              <10.95> on input line 115.
LaTeX Font Info:    External font `cmex10' loaded for size
(Font)              <8> on input line 115.
LaTeX Font Info:    External font `cmex10' loaded for size
(Font)              <6> on input line 115.
LaTeX Font Info:    External font `cmex10' loaded for size
(Font)              <5> on input line 115.
LaTeX Font Info:    External font `cmex10' loaded for size
(Font)              <9> on input line 115.
 [-1] [0

] [1]
[2


] (./uwthesis.toc)
\tf@toc=\write4
\openout4 = `uwthesis.toc'.

 [1

] (./uwthesis.lof)
\tf@lof=\write5
\openout5 = `uwthesis.lof'.

 [2

] [3

] [4] [5

] [6

]
<<1>>

LaTeX Warning: Citation `Hamlet' on page 1 undefined on input line 249.

[1



]

LaTeX Warning: Citation `SP' on page 2 undefined on input line 318.

[2]
<<2>>

LaTeX Warning: Reference `start-2' on page 3 undefined on input line 373.


LaTeX Warning: Citation `Lbook' on page 3 undefined on input line 405.


LaTeX Warning: Citation `companion' on page 3 undefined on input line 407.


Underfull \vbox (badness 1496) has occurred while \output is active []

 [3

]

LaTeX Warning: Citation `book' on page 4 undefined on input line 440.


LaTeX Warning: Citation `Lbook' on page 4 undefined on input line 440.


LaTeX Warning: Citation `companion' on page 4 undefined on input line 441.


Overfull \hbox (5.27412pt too wide) in paragraph at lines 415--443
\OT1/cmr/m/n/10.95 i-cal equa-tion print-ing.[][] The \OT1/cmr/m/it/10.95 T[]Xb
ook\OT1/cmr/m/n/10.95 [[]], \OT1/cmr/m/it/10.95 L[]T[]X User's Guide\OT1/cmr/m/
n/10.95 [[]], and \OT1/cmr/m/it/10.95 The L[]T[]X Companion\OT1/cmr/m/n/10.95 [
[]]
 []

[4]

LaTeX Warning: Citation `Metafont' on page 5 undefined on input line 460.

[5]
<<3>>

LaTeX Warning: Citation `Lbook' on page 6 undefined on input line 481.


LaTeX Warning: Reference `control-file' on page 6 undefined on input line 494.


LaTeX Warning: Citation `Lbook' on page 6 undefined on input line 573.


Overfull \hbox (9.7425pt too wide) in paragraph at lines 572--576
[]\OT1/cmr/m/n/10.95 Include most ad-di-tional for-mat-ting pack-ages with []\O
T1/cmtt/m/n/10.95 \usepackage\OT1/cmr/m/n/10.95 , as de-scribe by Lamport[[]].
 []


LaTeX Warning: Citation `Lbook' on page 6 undefined on input line 578.

[6

]
I moved a leftpage float from page 7.

LaTeX Warning: Reference `start-2' on page 7 undefined on input line 590.


LaTeX Warning: Citation `Lbook' on page 7 undefined on input line 602.


LaTeX Warning: Citation `Lbook' on page 7 undefined on input line 623.


LaTeX Warning: Reference `facing-caption' on page 7 undefined on input line 629
.


Overfull \vbox (584.55577pt too high) has occurred while \output is active []


[7] [8] [9]

LaTeX Warning: Citation `SP' on page 10 undefined on input line 632.


LaTeX Warning: Reference `control-file' on page 10 undefined on input line 649.



LaTeX Warning: Reference `facing-caption' on page 10 undefined on input line 65
1.


LaTeX Warning: Reference `facing-caption' on page 10 undefined on input line 71
6.


Underfull \vbox (badness 3735) has occurred while \output is active []

 [10]
[11]

LaTeX Warning: Reference `sideways' on page 12 undefined on input line 743.


LaTeX Warning: Citation `Lbook' on page 12 undefined on input line 763.

[12] [13]
Overfull \hbox (8.354pt too wide) in paragraph at lines 881--881
 []\OT1/cmtt/m/n/10.95 \acknowledgments{The author wishes . . . {\it il miglior
 fabbro}.\par}}[] 
 []

[14] [15]
<<4>>
LaTeX Font Info:    External font `cmex10' loaded for size
(Font)              <12> on input line 915.
No file uwthesis.bbl.
[16

]
<<A>>
[17

] [18

] (./uwthesis.aux)

LaTeX Warning: There were undefined references.


LaTeX Warning: Label(s) may have changed. Rerun to get cross-references right.

 ) 
Here is how much of TeX's memory you used:
 1663 strings out of 493633
 25584 string characters out of 3143378
 93740 words of memory out of 3000000
 4986 multiletter control sequences out of 15000+200000
 13611 words of font info for 47 fonts, out of 3000000 for 9000
 831 hyphenation exceptions out of 8191
 36i,9n,42p,230b,322s stack positions out of 5000i,500n,10000p,200000b,50000s
</usr/local/texlive/2011/texmf-dist/fonts/type1/public/amsfonts/cm/cmbx10.pfb
></usr/local/texlive/2011/texmf-dist/fonts/type1/public/amsfonts/cm/cmbx12.pfb>
</usr/local/texlive/2011/texmf-dist/fonts/type1/public/amsfonts/cm/cmbx8.pfb></
usr/local/texlive/2011/texmf-dist/fonts/type1/public/amsfonts/cm/cmbx9.pfb></us
r/local/texlive/2011/texmf-dist/fonts/type1/public/amsfonts/cm/cmbxsl10.pfb></u
sr/local/texlive/2011/texmf-dist/fonts/type1/public/amsfonts/cm/cmex10.pfb></us
r/local/texlive/2011/texmf-dist/fonts/type1/public/amsfonts/cm/cmitt10.pfb></us
r/local/texlive/2011/texmf-dist/fonts/type1/public/amsfonts/cm/cmmi10.pfb></usr
/local/texlive/2011/texmf-dist/fonts/type1/public/amsfonts/cm/cmmi6.pfb></usr/l
ocal/texlive/2011/texmf-dist/fonts/type1/public/amsfonts/cm/cmmi9.pfb></usr/loc
al/texlive/2011/texmf-dist/fonts/type1/public/amsfonts/cm/cmr10.pfb></usr/local
/texlive/2011/texmf-dist/fonts/type1/public/amsfonts/cm/cmr12.pfb></usr/local/t
exlive/2011/texmf-dist/fonts/type1/public/amsfonts/cm/cmr6.pfb></usr/local/texl
ive/2011/texmf-dist/fonts/type1/public/amsfonts/cm/cmr8.pfb></usr/local/texlive
/2011/texmf-dist/fonts/type1/public/amsfonts/cm/cmr9.pfb></usr/local/texlive/20
11/texmf-dist/fonts/type1/public/amsfonts/cm/cmsl10.pfb></usr/local/texlive/201
1/texmf-dist/fonts/type1/public/amsfonts/cm/cmsl8.pfb></usr/local/texlive/2011/
texmf-dist/fonts/type1/public/amsfonts/cm/cmss10.pfb></usr/local/texlive/2011/t
exmf-dist/fonts/type1/public/amsfonts/cm/cmsy10.pfb></usr/local/texlive/2011/te
xmf-dist/fonts/type1/public/amsfonts/cm/cmsy6.pfb></usr/local/texlive/2011/texm
f-dist/fonts/type1/public/amsfonts/cm/cmsy8.pfb></usr/local/texlive/2011/texmf-
dist/fonts/type1/public/amsfonts/cm/cmsy9.pfb></usr/local/texlive/2011/texmf-di
st/fonts/type1/public/amsfonts/cm/cmti10.pfb></usr/local/texlive/2011/texmf-dis
t/fonts/type1/public/amsfonts/cm/cmti12.pfb></usr/local/texlive/2011/texmf-dist
/fonts/type1/public/amsfonts/cm/cmti8.pfb></usr/local/texlive/2011/texmf-dist/f
onts/type1/public/amsfonts/cm/cmti9.pfb></usr/local/texlive/2011/texmf-dist/fon
ts/type1/public/amsfonts/cm/cmtt10.pfb></usr/local/texlive/2011/texmf-dist/font
s/type1/public/amsfonts/cm/cmtt9.pfb>
Output written on uwthesis.pdf (30 pages, 330805 bytes).
PDF statistics:
 213 PDF objects out of 1000 (max. 8388607)
 151 compressed objects within 2 object streams
 0 named destinations out of 1000 (max. 500000)
 1 words of extra memory for PDF output out of 10000 (max. 10000000)

